INFO: [VRFC 10-2263] Analyzing Verilog file "E:/Vivado/PUF_Project/Ring_oscillator_PUF/Ring_oscillator_PUF.sim/sim_1/synth/func/xsim/final_assembly_wrapper_func_synth.v" into library xil_defaultlib
INFO: [VRFC 10-311] analyzing module final_assembly
INFO: [VRFC 10-311] analyzing module final_assembly_Accumulator_0_0
INFO: [VRFC 10-311] analyzing module final_assembly_Accumulator_0_0_Accumulator
INFO: [VRFC 10-311] analyzing module final_assembly_c_counter_binary_0_0
INFO: [VRFC 10-311] analyzing module final_assembly_c_counter_binary_1_0
INFO: [VRFC 10-311] analyzing module final_assembly_comparator_0_0
INFO: [VRFC 10-311] analyzing module final_assembly_comparator_0_0_comparator
INFO: [VRFC 10-311] analyzing module final_assembly_multiplexer_16to1_0_0
INFO: [VRFC 10-311] analyzing module final_assembly_multiplexer_16to1_1_0
INFO: [VRFC 10-311] analyzing module final_assembly_ring_oscillator_16_w_0_0
INFO: [VRFC 10-311] analyzing module final_assembly_ring_oscillator_16_w_0_0_ring_oscillator_16
INFO: [VRFC 10-311] analyzing module final_assembly_ring_oscillator_16_w_0_0_ring_oscillator_16_wrapper
INFO: [VRFC 10-311] analyzing module final_assembly_ring_oscillator_16_w_0_0_ring_oscillator_inst_10
INFO: [VRFC 10-311] analyzing module final_assembly_ring_oscillator_16_w_0_0_ring_oscillator_inst_11
INFO: [VRFC 10-311] analyzing module final_assembly_ring_oscillator_16_w_0_0_ring_oscillator_inst_12
INFO: [VRFC 10-311] analyzing module final_assembly_ring_oscillator_16_w_0_0_ring_oscillator_inst_13
INFO: [VRFC 10-311] analyzing module final_assembly_ring_oscillator_16_w_0_0_ring_oscillator_inst_14
INFO: [VRFC 10-311] analyzing module final_assembly_ring_oscillator_16_w_0_0_ring_oscillator_inst_15
INFO: [VRFC 10-311] analyzing module final_assembly_ring_oscillator_16_w_0_0_ring_oscillator_inst_16
INFO: [VRFC 10-311] analyzing module final_assembly_ring_oscillator_16_w_0_0_ring_oscillator_inst_17
INFO: [VRFC 10-311] analyzing module final_assembly_ring_oscillator_16_w_0_0_ring_oscillator_inst_2
INFO: [VRFC 10-311] analyzing module final_assembly_ring_oscillator_16_w_0_0_ring_oscillator_inst_3
INFO: [VRFC 10-311] analyzing module final_assembly_ring_oscillator_16_w_0_0_ring_oscillator_inst_4
INFO: [VRFC 10-311] analyzing module final_assembly_ring_oscillator_16_w_0_0_ring_oscillator_inst_5
INFO: [VRFC 10-311] analyzing module final_assembly_ring_oscillator_16_w_0_0_ring_oscillator_inst_6
INFO: [VRFC 10-311] analyzing module final_assembly_ring_oscillator_16_w_0_0_ring_oscillator_inst_7
INFO: [VRFC 10-311] analyzing module final_assembly_ring_oscillator_16_w_0_0_ring_oscillator_inst_8
INFO: [VRFC 10-311] analyzing module final_assembly_ring_oscillator_16_w_0_0_ring_oscillator_inst_9
INFO: [VRFC 10-311] analyzing module final_assembly_ring_oscillator_16_w_1_0
INFO: [VRFC 10-311] analyzing module final_assembly_ring_oscillator_16_w_1_0_ring_oscillator_16
INFO: [VRFC 10-311] analyzing module final_assembly_ring_oscillator_16_w_1_0_ring_oscillator_16_wrapper
INFO: [VRFC 10-311] analyzing module final_assembly_ring_oscillator_16_w_1_0_ring_oscillator_inst_10
INFO: [VRFC 10-311] analyzing module final_assembly_ring_oscillator_16_w_1_0_ring_oscillator_inst_11
INFO: [VRFC 10-311] analyzing module final_assembly_ring_oscillator_16_w_1_0_ring_oscillator_inst_12
INFO: [VRFC 10-311] analyzing module final_assembly_ring_oscillator_16_w_1_0_ring_oscillator_inst_13
INFO: [VRFC 10-311] analyzing module final_assembly_ring_oscillator_16_w_1_0_ring_oscillator_inst_14
INFO: [VRFC 10-311] analyzing module final_assembly_ring_oscillator_16_w_1_0_ring_oscillator_inst_15
INFO: [VRFC 10-311] analyzing module final_assembly_ring_oscillator_16_w_1_0_ring_oscillator_inst_16
INFO: [VRFC 10-311] analyzing module final_assembly_ring_oscillator_16_w_1_0_ring_oscillator_inst_17
INFO: [VRFC 10-311] analyzing module final_assembly_ring_oscillator_16_w_1_0_ring_oscillator_inst_2
INFO: [VRFC 10-311] analyzing module final_assembly_ring_oscillator_16_w_1_0_ring_oscillator_inst_3
INFO: [VRFC 10-311] analyzing module final_assembly_ring_oscillator_16_w_1_0_ring_oscillator_inst_4
INFO: [VRFC 10-311] analyzing module final_assembly_ring_oscillator_16_w_1_0_ring_oscillator_inst_5
INFO: [VRFC 10-311] analyzing module final_assembly_ring_oscillator_16_w_1_0_ring_oscillator_inst_6
INFO: [VRFC 10-311] analyzing module final_assembly_ring_oscillator_16_w_1_0_ring_oscillator_inst_7
INFO: [VRFC 10-311] analyzing module final_assembly_ring_oscillator_16_w_1_0_ring_oscillator_inst_8
INFO: [VRFC 10-311] analyzing module final_assembly_ring_oscillator_16_w_1_0_ring_oscillator_inst_9
INFO: [VRFC 10-311] analyzing module final_assembly_wrapper
INFO: [VRFC 10-311] analyzing module final_assembly_xlconcat_0_0
INFO: [VRFC 10-311] analyzing module final_assembly_xlconcat_1_0
INFO: [VRFC 10-311] analyzing module final_assembly_xlslice_0_0
INFO: [VRFC 10-311] analyzing module final_assembly_xlslice_1_0
INFO: [VRFC 10-311] analyzing module ring_oscillator_inst_10_util_vector_logic_10_0
INFO: [VRFC 10-311] analyzing module ring_oscillator_inst_10_util_vector_logic_11_0
INFO: [VRFC 10-311] analyzing module ring_oscillator_inst_10_util_vector_logic_12_0
INFO: [VRFC 10-311] analyzing module ring_oscillator_inst_10_util_vector_logic_13_0
INFO: [VRFC 10-311] analyzing module ring_oscillator_inst_10_util_vector_logic_14_0
INFO: [VRFC 10-311] analyzing module ring_oscillator_inst_10_util_vector_logic_15_0
INFO: [VRFC 10-311] analyzing module ring_oscillator_inst_10_util_vector_logic_16_0
INFO: [VRFC 10-311] analyzing module ring_oscillator_inst_10_util_vector_logic_17_0
INFO: [VRFC 10-311] analyzing module ring_oscillator_inst_10_util_vector_logic_18_0
INFO: [VRFC 10-311] analyzing module ring_oscillator_inst_10_util_vector_logic_19_0
INFO: [VRFC 10-311] analyzing module ring_oscillator_inst_10_util_vector_logic_20_0
INFO: [VRFC 10-311] analyzing module ring_oscillator_inst_10_util_vector_logic_21_0
INFO: [VRFC 10-311] analyzing module ring_oscillator_inst_10_util_vector_logic_22_0
INFO: [VRFC 10-311] analyzing module ring_oscillator_inst_10_util_vector_logic_23_0
INFO: [VRFC 10-311] analyzing module ring_oscillator_inst_10_util_vector_logic_2_0
INFO: [VRFC 10-311] analyzing module ring_oscillator_inst_10_util_vector_logic_34_0
INFO: [VRFC 10-311] analyzing module ring_oscillator_inst_10_util_vector_logic_3_0
INFO: [VRFC 10-311] analyzing module ring_oscillator_inst_10_util_vector_logic_46_0
INFO: [VRFC 10-311] analyzing module ring_oscillator_inst_10_util_vector_logic_4_0
INFO: [VRFC 10-311] analyzing module ring_oscillator_inst_10_util_vector_logic_5_0
INFO: [VRFC 10-311] analyzing module ring_oscillator_inst_10_util_vector_logic_6_0
INFO: [VRFC 10-311] analyzing module ring_oscillator_inst_10_util_vector_logic_7_0
INFO: [VRFC 10-311] analyzing module ring_oscillator_inst_10_util_vector_logic_8_0
INFO: [VRFC 10-311] analyzing module ring_oscillator_inst_10_util_vector_logic_9_0
INFO: [VRFC 10-311] analyzing module ring_oscillator_inst_11_util_vector_logic_10_0
INFO: [VRFC 10-311] analyzing module ring_oscillator_inst_11_util_vector_logic_11_0
INFO: [VRFC 10-311] analyzing module ring_oscillator_inst_11_util_vector_logic_12_0
INFO: [VRFC 10-311] analyzing module ring_oscillator_inst_11_util_vector_logic_13_0
INFO: [VRFC 10-311] analyzing module ring_oscillator_inst_11_util_vector_logic_14_0
INFO: [VRFC 10-311] analyzing module ring_oscillator_inst_11_util_vector_logic_15_0
INFO: [VRFC 10-311] analyzing module ring_oscillator_inst_11_util_vector_logic_16_0
INFO: [VRFC 10-311] analyzing module ring_oscillator_inst_11_util_vector_logic_17_0
INFO: [VRFC 10-311] analyzing module ring_oscillator_inst_11_util_vector_logic_18_0
INFO: [VRFC 10-311] analyzing module ring_oscillator_inst_11_util_vector_logic_19_0
INFO: [VRFC 10-311] analyzing module ring_oscillator_inst_11_util_vector_logic_20_0
INFO: [VRFC 10-311] analyzing module ring_oscillator_inst_11_util_vector_logic_21_0
INFO: [VRFC 10-311] analyzing module ring_oscillator_inst_11_util_vector_logic_22_0
INFO: [VRFC 10-311] analyzing module ring_oscillator_inst_11_util_vector_logic_23_0
INFO: [VRFC 10-311] analyzing module ring_oscillator_inst_11_util_vector_logic_2_0
INFO: [VRFC 10-311] analyzing module ring_oscillator_inst_11_util_vector_logic_34_0
INFO: [VRFC 10-311] analyzing module ring_oscillator_inst_11_util_vector_logic_3_0
INFO: [VRFC 10-311] analyzing module ring_oscillator_inst_11_util_vector_logic_46_0
INFO: [VRFC 10-311] analyzing module ring_oscillator_inst_11_util_vector_logic_4_0
INFO: [VRFC 10-311] analyzing module ring_oscillator_inst_11_util_vector_logic_5_0
INFO: [VRFC 10-311] analyzing module ring_oscillator_inst_11_util_vector_logic_6_0
INFO: [VRFC 10-311] analyzing module ring_oscillator_inst_11_util_vector_logic_7_0
INFO: [VRFC 10-311] analyzing module ring_oscillator_inst_11_util_vector_logic_8_0
INFO: [VRFC 10-311] analyzing module ring_oscillator_inst_11_util_vector_logic_9_0
INFO: [VRFC 10-311] analyzing module ring_oscillator_inst_12_util_vector_logic_10_0
INFO: [VRFC 10-311] analyzing module ring_oscillator_inst_12_util_vector_logic_11_0
INFO: [VRFC 10-311] analyzing module ring_oscillator_inst_12_util_vector_logic_12_0
INFO: [VRFC 10-311] analyzing module ring_oscillator_inst_12_util_vector_logic_13_0
INFO: [VRFC 10-311] analyzing module ring_oscillator_inst_12_util_vector_logic_14_0
INFO: [VRFC 10-311] analyzing module ring_oscillator_inst_12_util_vector_logic_15_0
INFO: [VRFC 10-311] analyzing module ring_oscillator_inst_12_util_vector_logic_16_0
INFO: [VRFC 10-311] analyzing module ring_oscillator_inst_12_util_vector_logic_17_0
INFO: [VRFC 10-311] analyzing module ring_oscillator_inst_12_util_vector_logic_18_0
INFO: [VRFC 10-311] analyzing module ring_oscillator_inst_12_util_vector_logic_19_0
INFO: [VRFC 10-311] analyzing module ring_oscillator_inst_12_util_vector_logic_20_0
INFO: [VRFC 10-311] analyzing module ring_oscillator_inst_12_util_vector_logic_21_0
INFO: [VRFC 10-311] analyzing module ring_oscillator_inst_12_util_vector_logic_22_0
INFO: [VRFC 10-311] analyzing module ring_oscillator_inst_12_util_vector_logic_23_0
INFO: [VRFC 10-311] analyzing module ring_oscillator_inst_12_util_vector_logic_2_0
INFO: [VRFC 10-311] analyzing module ring_oscillator_inst_12_util_vector_logic_34_0
INFO: [VRFC 10-311] analyzing module ring_oscillator_inst_12_util_vector_logic_3_0
INFO: [VRFC 10-311] analyzing module ring_oscillator_inst_12_util_vector_logic_46_0
INFO: [VRFC 10-311] analyzing module ring_oscillator_inst_12_util_vector_logic_4_0
INFO: [VRFC 10-311] analyzing module ring_oscillator_inst_12_util_vector_logic_5_0
INFO: [VRFC 10-311] analyzing module ring_oscillator_inst_12_util_vector_logic_6_0
INFO: [VRFC 10-311] analyzing module ring_oscillator_inst_12_util_vector_logic_7_0
INFO: [VRFC 10-311] analyzing module ring_oscillator_inst_12_util_vector_logic_8_0
INFO: [VRFC 10-311] analyzing module ring_oscillator_inst_12_util_vector_logic_9_0
INFO: [VRFC 10-311] analyzing module ring_oscillator_inst_13_util_vector_logic_10_0
INFO: [VRFC 10-311] analyzing module ring_oscillator_inst_13_util_vector_logic_11_0
INFO: [VRFC 10-311] analyzing module ring_oscillator_inst_13_util_vector_logic_12_0
INFO: [VRFC 10-311] analyzing module ring_oscillator_inst_13_util_vector_logic_13_0
INFO: [VRFC 10-311] analyzing module ring_oscillator_inst_13_util_vector_logic_14_0
INFO: [VRFC 10-311] analyzing module ring_oscillator_inst_13_util_vector_logic_15_0
INFO: [VRFC 10-311] analyzing module ring_oscillator_inst_13_util_vector_logic_16_0
INFO: [VRFC 10-311] analyzing module ring_oscillator_inst_13_util_vector_logic_17_0
INFO: [VRFC 10-311] analyzing module ring_oscillator_inst_13_util_vector_logic_18_0
INFO: [VRFC 10-311] analyzing module ring_oscillator_inst_13_util_vector_logic_19_0
INFO: [VRFC 10-311] analyzing module ring_oscillator_inst_13_util_vector_logic_20_0
INFO: [VRFC 10-311] analyzing module ring_oscillator_inst_13_util_vector_logic_21_0
INFO: [VRFC 10-311] analyzing module ring_oscillator_inst_13_util_vector_logic_22_0
INFO: [VRFC 10-311] analyzing module ring_oscillator_inst_13_util_vector_logic_23_0
INFO: [VRFC 10-311] analyzing module ring_oscillator_inst_13_util_vector_logic_2_0
INFO: [VRFC 10-311] analyzing module ring_oscillator_inst_13_util_vector_logic_34_0
INFO: [VRFC 10-311] analyzing module ring_oscillator_inst_13_util_vector_logic_3_0
INFO: [VRFC 10-311] analyzing module ring_oscillator_inst_13_util_vector_logic_46_0
INFO: [VRFC 10-311] analyzing module ring_oscillator_inst_13_util_vector_logic_4_0
INFO: [VRFC 10-311] analyzing module ring_oscillator_inst_13_util_vector_logic_5_0
INFO: [VRFC 10-311] analyzing module ring_oscillator_inst_13_util_vector_logic_6_0
INFO: [VRFC 10-311] analyzing module ring_oscillator_inst_13_util_vector_logic_7_0
INFO: [VRFC 10-311] analyzing module ring_oscillator_inst_13_util_vector_logic_8_0
INFO: [VRFC 10-311] analyzing module ring_oscillator_inst_13_util_vector_logic_9_0
INFO: [VRFC 10-311] analyzing module ring_oscillator_inst_14_util_vector_logic_10_0
INFO: [VRFC 10-311] analyzing module ring_oscillator_inst_14_util_vector_logic_11_0
INFO: [VRFC 10-311] analyzing module ring_oscillator_inst_14_util_vector_logic_12_0
INFO: [VRFC 10-311] analyzing module ring_oscillator_inst_14_util_vector_logic_13_0
INFO: [VRFC 10-311] analyzing module ring_oscillator_inst_14_util_vector_logic_14_0
INFO: [VRFC 10-311] analyzing module ring_oscillator_inst_14_util_vector_logic_15_0
INFO: [VRFC 10-311] analyzing module ring_oscillator_inst_14_util_vector_logic_16_0
INFO: [VRFC 10-311] analyzing module ring_oscillator_inst_14_util_vector_logic_17_0
INFO: [VRFC 10-311] analyzing module ring_oscillator_inst_14_util_vector_logic_18_0
INFO: [VRFC 10-311] analyzing module ring_oscillator_inst_14_util_vector_logic_19_0
INFO: [VRFC 10-311] analyzing module ring_oscillator_inst_14_util_vector_logic_20_0
INFO: [VRFC 10-311] analyzing module ring_oscillator_inst_14_util_vector_logic_21_0
INFO: [VRFC 10-311] analyzing module ring_oscillator_inst_14_util_vector_logic_22_0
INFO: [VRFC 10-311] analyzing module ring_oscillator_inst_14_util_vector_logic_23_0
INFO: [VRFC 10-311] analyzing module ring_oscillator_inst_14_util_vector_logic_2_0
INFO: [VRFC 10-311] analyzing module ring_oscillator_inst_14_util_vector_logic_34_0
INFO: [VRFC 10-311] analyzing module ring_oscillator_inst_14_util_vector_logic_3_0
INFO: [VRFC 10-311] analyzing module ring_oscillator_inst_14_util_vector_logic_46_0
INFO: [VRFC 10-311] analyzing module ring_oscillator_inst_14_util_vector_logic_4_0
INFO: [VRFC 10-311] analyzing module ring_oscillator_inst_14_util_vector_logic_5_0
INFO: [VRFC 10-311] analyzing module ring_oscillator_inst_14_util_vector_logic_6_0
INFO: [VRFC 10-311] analyzing module ring_oscillator_inst_14_util_vector_logic_7_0
INFO: [VRFC 10-311] analyzing module ring_oscillator_inst_14_util_vector_logic_8_0
INFO: [VRFC 10-311] analyzing module ring_oscillator_inst_14_util_vector_logic_9_0
INFO: [VRFC 10-311] analyzing module ring_oscillator_inst_15_util_vector_logic_10_0
INFO: [VRFC 10-311] analyzing module ring_oscillator_inst_15_util_vector_logic_11_0
INFO: [VRFC 10-311] analyzing module ring_oscillator_inst_15_util_vector_logic_12_0
INFO: [VRFC 10-311] analyzing module ring_oscillator_inst_15_util_vector_logic_13_0
INFO: [VRFC 10-311] analyzing module ring_oscillator_inst_15_util_vector_logic_14_0
INFO: [VRFC 10-311] analyzing module ring_oscillator_inst_15_util_vector_logic_15_0
INFO: [VRFC 10-311] analyzing module ring_oscillator_inst_15_util_vector_logic_16_0
INFO: [VRFC 10-311] analyzing module ring_oscillator_inst_15_util_vector_logic_17_0
INFO: [VRFC 10-311] analyzing module ring_oscillator_inst_15_util_vector_logic_18_0
INFO: [VRFC 10-311] analyzing module ring_oscillator_inst_15_util_vector_logic_19_0
INFO: [VRFC 10-311] analyzing module ring_oscillator_inst_15_util_vector_logic_20_0
INFO: [VRFC 10-311] analyzing module ring_oscillator_inst_15_util_vector_logic_21_0
INFO: [VRFC 10-311] analyzing module ring_oscillator_inst_15_util_vector_logic_22_0
INFO: [VRFC 10-311] analyzing module ring_oscillator_inst_15_util_vector_logic_23_0
INFO: [VRFC 10-311] analyzing module ring_oscillator_inst_15_util_vector_logic_2_0
INFO: [VRFC 10-311] analyzing module ring_oscillator_inst_15_util_vector_logic_34_0
INFO: [VRFC 10-311] analyzing module ring_oscillator_inst_15_util_vector_logic_3_0
INFO: [VRFC 10-311] analyzing module ring_oscillator_inst_15_util_vector_logic_46_0
INFO: [VRFC 10-311] analyzing module ring_oscillator_inst_15_util_vector_logic_4_0
INFO: [VRFC 10-311] analyzing module ring_oscillator_inst_15_util_vector_logic_5_0
INFO: [VRFC 10-311] analyzing module ring_oscillator_inst_15_util_vector_logic_6_0
INFO: [VRFC 10-311] analyzing module ring_oscillator_inst_15_util_vector_logic_7_0
INFO: [VRFC 10-311] analyzing module ring_oscillator_inst_15_util_vector_logic_8_0
INFO: [VRFC 10-311] analyzing module ring_oscillator_inst_15_util_vector_logic_9_0
INFO: [VRFC 10-311] analyzing module ring_oscillator_inst_16_util_vector_logic_10_0
INFO: [VRFC 10-311] analyzing module ring_oscillator_inst_16_util_vector_logic_11_0
INFO: [VRFC 10-311] analyzing module ring_oscillator_inst_16_util_vector_logic_12_0
INFO: [VRFC 10-311] analyzing module ring_oscillator_inst_16_util_vector_logic_13_0
INFO: [VRFC 10-311] analyzing module ring_oscillator_inst_16_util_vector_logic_14_0
INFO: [VRFC 10-311] analyzing module ring_oscillator_inst_16_util_vector_logic_15_0
INFO: [VRFC 10-311] analyzing module ring_oscillator_inst_16_util_vector_logic_16_0
INFO: [VRFC 10-311] analyzing module ring_oscillator_inst_16_util_vector_logic_17_0
INFO: [VRFC 10-311] analyzing module ring_oscillator_inst_16_util_vector_logic_18_0
INFO: [VRFC 10-311] analyzing module ring_oscillator_inst_16_util_vector_logic_19_0
INFO: [VRFC 10-311] analyzing module ring_oscillator_inst_16_util_vector_logic_20_0
INFO: [VRFC 10-311] analyzing module ring_oscillator_inst_16_util_vector_logic_21_0
INFO: [VRFC 10-311] analyzing module ring_oscillator_inst_16_util_vector_logic_22_0
INFO: [VRFC 10-311] analyzing module ring_oscillator_inst_16_util_vector_logic_23_0
INFO: [VRFC 10-311] analyzing module ring_oscillator_inst_16_util_vector_logic_2_0
INFO: [VRFC 10-311] analyzing module ring_oscillator_inst_16_util_vector_logic_34_0
INFO: [VRFC 10-311] analyzing module ring_oscillator_inst_16_util_vector_logic_3_0
INFO: [VRFC 10-311] analyzing module ring_oscillator_inst_16_util_vector_logic_46_0
INFO: [VRFC 10-311] analyzing module ring_oscillator_inst_16_util_vector_logic_4_0
INFO: [VRFC 10-311] analyzing module ring_oscillator_inst_16_util_vector_logic_5_0
INFO: [VRFC 10-311] analyzing module ring_oscillator_inst_16_util_vector_logic_6_0
INFO: [VRFC 10-311] analyzing module ring_oscillator_inst_16_util_vector_logic_7_0
INFO: [VRFC 10-311] analyzing module ring_oscillator_inst_16_util_vector_logic_8_0
INFO: [VRFC 10-311] analyzing module ring_oscillator_inst_16_util_vector_logic_9_0
INFO: [VRFC 10-311] analyzing module ring_oscillator_inst_17_util_vector_logic_10_0
INFO: [VRFC 10-311] analyzing module ring_oscillator_inst_17_util_vector_logic_11_0
INFO: [VRFC 10-311] analyzing module ring_oscillator_inst_17_util_vector_logic_12_0
INFO: [VRFC 10-311] analyzing module ring_oscillator_inst_17_util_vector_logic_13_0
INFO: [VRFC 10-311] analyzing module ring_oscillator_inst_17_util_vector_logic_14_0
INFO: [VRFC 10-311] analyzing module ring_oscillator_inst_17_util_vector_logic_15_0
INFO: [VRFC 10-311] analyzing module ring_oscillator_inst_17_util_vector_logic_16_0
INFO: [VRFC 10-311] analyzing module ring_oscillator_inst_17_util_vector_logic_17_0
INFO: [VRFC 10-311] analyzing module ring_oscillator_inst_17_util_vector_logic_18_0
INFO: [VRFC 10-311] analyzing module ring_oscillator_inst_17_util_vector_logic_19_0
INFO: [VRFC 10-311] analyzing module ring_oscillator_inst_17_util_vector_logic_20_0
INFO: [VRFC 10-311] analyzing module ring_oscillator_inst_17_util_vector_logic_21_0
INFO: [VRFC 10-311] analyzing module ring_oscillator_inst_17_util_vector_logic_22_0
INFO: [VRFC 10-311] analyzing module ring_oscillator_inst_17_util_vector_logic_23_0
INFO: [VRFC 10-311] analyzing module ring_oscillator_inst_17_util_vector_logic_2_0
INFO: [VRFC 10-311] analyzing module ring_oscillator_inst_17_util_vector_logic_34_0
INFO: [VRFC 10-311] analyzing module ring_oscillator_inst_17_util_vector_logic_3_0
INFO: [VRFC 10-311] analyzing module ring_oscillator_inst_17_util_vector_logic_46_0
INFO: [VRFC 10-311] analyzing module ring_oscillator_inst_17_util_vector_logic_4_0
INFO: [VRFC 10-311] analyzing module ring_oscillator_inst_17_util_vector_logic_5_0
INFO: [VRFC 10-311] analyzing module ring_oscillator_inst_17_util_vector_logic_6_0
INFO: [VRFC 10-311] analyzing module ring_oscillator_inst_17_util_vector_logic_7_0
INFO: [VRFC 10-311] analyzing module ring_oscillator_inst_17_util_vector_logic_8_0
INFO: [VRFC 10-311] analyzing module ring_oscillator_inst_17_util_vector_logic_9_0
INFO: [VRFC 10-311] analyzing module ring_oscillator_inst_2_util_vector_logic_10_0
INFO: [VRFC 10-311] analyzing module ring_oscillator_inst_2_util_vector_logic_11_0
INFO: [VRFC 10-311] analyzing module ring_oscillator_inst_2_util_vector_logic_12_0
INFO: [VRFC 10-311] analyzing module ring_oscillator_inst_2_util_vector_logic_13_0
INFO: [VRFC 10-311] analyzing module ring_oscillator_inst_2_util_vector_logic_14_0
INFO: [VRFC 10-311] analyzing module ring_oscillator_inst_2_util_vector_logic_15_0
INFO: [VRFC 10-311] analyzing module ring_oscillator_inst_2_util_vector_logic_16_0
INFO: [VRFC 10-311] analyzing module ring_oscillator_inst_2_util_vector_logic_17_0
INFO: [VRFC 10-311] analyzing module ring_oscillator_inst_2_util_vector_logic_18_0
INFO: [VRFC 10-311] analyzing module ring_oscillator_inst_2_util_vector_logic_19_0
INFO: [VRFC 10-311] analyzing module ring_oscillator_inst_2_util_vector_logic_20_0
INFO: [VRFC 10-311] analyzing module ring_oscillator_inst_2_util_vector_logic_21_0
INFO: [VRFC 10-311] analyzing module ring_oscillator_inst_2_util_vector_logic_22_0
INFO: [VRFC 10-311] analyzing module ring_oscillator_inst_2_util_vector_logic_23_0
INFO: [VRFC 10-311] analyzing module ring_oscillator_inst_2_util_vector_logic_2_0
INFO: [VRFC 10-311] analyzing module ring_oscillator_inst_2_util_vector_logic_34_0
INFO: [VRFC 10-311] analyzing module ring_oscillator_inst_2_util_vector_logic_3_0
INFO: [VRFC 10-311] analyzing module ring_oscillator_inst_2_util_vector_logic_46_0
INFO: [VRFC 10-311] analyzing module ring_oscillator_inst_2_util_vector_logic_4_0
INFO: [VRFC 10-311] analyzing module ring_oscillator_inst_2_util_vector_logic_5_0
INFO: [VRFC 10-311] analyzing module ring_oscillator_inst_2_util_vector_logic_6_0
INFO: [VRFC 10-311] analyzing module ring_oscillator_inst_2_util_vector_logic_7_0
INFO: [VRFC 10-311] analyzing module ring_oscillator_inst_2_util_vector_logic_8_0
INFO: [VRFC 10-311] analyzing module ring_oscillator_inst_2_util_vector_logic_9_0
INFO: [VRFC 10-311] analyzing module ring_oscillator_inst_3_util_vector_logic_10_0
INFO: [VRFC 10-311] analyzing module ring_oscillator_inst_3_util_vector_logic_11_0
INFO: [VRFC 10-311] analyzing module ring_oscillator_inst_3_util_vector_logic_12_0
INFO: [VRFC 10-311] analyzing module ring_oscillator_inst_3_util_vector_logic_13_0
INFO: [VRFC 10-311] analyzing module ring_oscillator_inst_3_util_vector_logic_14_0
INFO: [VRFC 10-311] analyzing module ring_oscillator_inst_3_util_vector_logic_15_0
INFO: [VRFC 10-311] analyzing module ring_oscillator_inst_3_util_vector_logic_16_0
INFO: [VRFC 10-311] analyzing module ring_oscillator_inst_3_util_vector_logic_17_0
INFO: [VRFC 10-311] analyzing module ring_oscillator_inst_3_util_vector_logic_18_0
INFO: [VRFC 10-311] analyzing module ring_oscillator_inst_3_util_vector_logic_19_0
INFO: [VRFC 10-311] analyzing module ring_oscillator_inst_3_util_vector_logic_20_0
INFO: [VRFC 10-311] analyzing module ring_oscillator_inst_3_util_vector_logic_21_0
INFO: [VRFC 10-311] analyzing module ring_oscillator_inst_3_util_vector_logic_22_0
INFO: [VRFC 10-311] analyzing module ring_oscillator_inst_3_util_vector_logic_23_0
INFO: [VRFC 10-311] analyzing module ring_oscillator_inst_3_util_vector_logic_2_0
INFO: [VRFC 10-311] analyzing module ring_oscillator_inst_3_util_vector_logic_34_0
INFO: [VRFC 10-311] analyzing module ring_oscillator_inst_3_util_vector_logic_3_0
INFO: [VRFC 10-311] analyzing module ring_oscillator_inst_3_util_vector_logic_46_0
INFO: [VRFC 10-311] analyzing module ring_oscillator_inst_3_util_vector_logic_4_0
INFO: [VRFC 10-311] analyzing module ring_oscillator_inst_3_util_vector_logic_5_0
INFO: [VRFC 10-311] analyzing module ring_oscillator_inst_3_util_vector_logic_6_0
INFO: [VRFC 10-311] analyzing module ring_oscillator_inst_3_util_vector_logic_7_0
INFO: [VRFC 10-311] analyzing module ring_oscillator_inst_3_util_vector_logic_8_0
INFO: [VRFC 10-311] analyzing module ring_oscillator_inst_3_util_vector_logic_9_0
INFO: [VRFC 10-311] analyzing module ring_oscillator_inst_4_util_vector_logic_10_0
INFO: [VRFC 10-311] analyzing module ring_oscillator_inst_4_util_vector_logic_11_0
INFO: [VRFC 10-311] analyzing module ring_oscillator_inst_4_util_vector_logic_12_0
INFO: [VRFC 10-311] analyzing module ring_oscillator_inst_4_util_vector_logic_13_0
INFO: [VRFC 10-311] analyzing module ring_oscillator_inst_4_util_vector_logic_14_0
INFO: [VRFC 10-311] analyzing module ring_oscillator_inst_4_util_vector_logic_15_0
INFO: [VRFC 10-311] analyzing module ring_oscillator_inst_4_util_vector_logic_16_0
INFO: [VRFC 10-311] analyzing module ring_oscillator_inst_4_util_vector_logic_17_0
INFO: [VRFC 10-311] analyzing module ring_oscillator_inst_4_util_vector_logic_18_0
INFO: [VRFC 10-311] analyzing module ring_oscillator_inst_4_util_vector_logic_19_0
INFO: [VRFC 10-311] analyzing module ring_oscillator_inst_4_util_vector_logic_20_0
INFO: [VRFC 10-311] analyzing module ring_oscillator_inst_4_util_vector_logic_21_0
INFO: [VRFC 10-311] analyzing module ring_oscillator_inst_4_util_vector_logic_22_0
INFO: [VRFC 10-311] analyzing module ring_oscillator_inst_4_util_vector_logic_23_0
INFO: [VRFC 10-311] analyzing module ring_oscillator_inst_4_util_vector_logic_2_0
INFO: [VRFC 10-311] analyzing module ring_oscillator_inst_4_util_vector_logic_34_0
INFO: [VRFC 10-311] analyzing module ring_oscillator_inst_4_util_vector_logic_3_0
INFO: [VRFC 10-311] analyzing module ring_oscillator_inst_4_util_vector_logic_46_0
INFO: [VRFC 10-311] analyzing module ring_oscillator_inst_4_util_vector_logic_4_0
INFO: [VRFC 10-311] analyzing module ring_oscillator_inst_4_util_vector_logic_5_0
INFO: [VRFC 10-311] analyzing module ring_oscillator_inst_4_util_vector_logic_6_0
INFO: [VRFC 10-311] analyzing module ring_oscillator_inst_4_util_vector_logic_7_0
INFO: [VRFC 10-311] analyzing module ring_oscillator_inst_4_util_vector_logic_8_0
INFO: [VRFC 10-311] analyzing module ring_oscillator_inst_4_util_vector_logic_9_0
INFO: [VRFC 10-311] analyzing module ring_oscillator_inst_5_util_vector_logic_10_0
INFO: [VRFC 10-311] analyzing module ring_oscillator_inst_5_util_vector_logic_11_0
INFO: [VRFC 10-311] analyzing module ring_oscillator_inst_5_util_vector_logic_12_0
INFO: [VRFC 10-311] analyzing module ring_oscillator_inst_5_util_vector_logic_13_0
INFO: [VRFC 10-311] analyzing module ring_oscillator_inst_5_util_vector_logic_14_0
INFO: [VRFC 10-311] analyzing module ring_oscillator_inst_5_util_vector_logic_15_0
INFO: [VRFC 10-311] analyzing module ring_oscillator_inst_5_util_vector_logic_16_0
INFO: [VRFC 10-311] analyzing module ring_oscillator_inst_5_util_vector_logic_17_0
INFO: [VRFC 10-311] analyzing module ring_oscillator_inst_5_util_vector_logic_18_0
INFO: [VRFC 10-311] analyzing module ring_oscillator_inst_5_util_vector_logic_19_0
INFO: [VRFC 10-311] analyzing module ring_oscillator_inst_5_util_vector_logic_20_0
INFO: [VRFC 10-311] analyzing module ring_oscillator_inst_5_util_vector_logic_21_0
INFO: [VRFC 10-311] analyzing module ring_oscillator_inst_5_util_vector_logic_22_0
INFO: [VRFC 10-311] analyzing module ring_oscillator_inst_5_util_vector_logic_23_0
INFO: [VRFC 10-311] analyzing module ring_oscillator_inst_5_util_vector_logic_2_0
INFO: [VRFC 10-311] analyzing module ring_oscillator_inst_5_util_vector_logic_34_0
INFO: [VRFC 10-311] analyzing module ring_oscillator_inst_5_util_vector_logic_3_0
INFO: [VRFC 10-311] analyzing module ring_oscillator_inst_5_util_vector_logic_46_0
INFO: [VRFC 10-311] analyzing module ring_oscillator_inst_5_util_vector_logic_4_0
INFO: [VRFC 10-311] analyzing module ring_oscillator_inst_5_util_vector_logic_5_0
INFO: [VRFC 10-311] analyzing module ring_oscillator_inst_5_util_vector_logic_6_0
INFO: [VRFC 10-311] analyzing module ring_oscillator_inst_5_util_vector_logic_7_0
INFO: [VRFC 10-311] analyzing module ring_oscillator_inst_5_util_vector_logic_8_0
INFO: [VRFC 10-311] analyzing module ring_oscillator_inst_5_util_vector_logic_9_0
INFO: [VRFC 10-311] analyzing module ring_oscillator_inst_6_util_vector_logic_10_0
INFO: [VRFC 10-311] analyzing module ring_oscillator_inst_6_util_vector_logic_11_0
INFO: [VRFC 10-311] analyzing module ring_oscillator_inst_6_util_vector_logic_12_0
INFO: [VRFC 10-311] analyzing module ring_oscillator_inst_6_util_vector_logic_13_0
INFO: [VRFC 10-311] analyzing module ring_oscillator_inst_6_util_vector_logic_14_0
INFO: [VRFC 10-311] analyzing module ring_oscillator_inst_6_util_vector_logic_15_0
INFO: [VRFC 10-311] analyzing module ring_oscillator_inst_6_util_vector_logic_16_0
INFO: [VRFC 10-311] analyzing module ring_oscillator_inst_6_util_vector_logic_17_0
INFO: [VRFC 10-311] analyzing module ring_oscillator_inst_6_util_vector_logic_18_0
INFO: [VRFC 10-311] analyzing module ring_oscillator_inst_6_util_vector_logic_19_0
INFO: [VRFC 10-311] analyzing module ring_oscillator_inst_6_util_vector_logic_20_0
INFO: [VRFC 10-311] analyzing module ring_oscillator_inst_6_util_vector_logic_21_0
INFO: [VRFC 10-311] analyzing module ring_oscillator_inst_6_util_vector_logic_22_0
INFO: [VRFC 10-311] analyzing module ring_oscillator_inst_6_util_vector_logic_23_0
INFO: [VRFC 10-311] analyzing module ring_oscillator_inst_6_util_vector_logic_2_0
INFO: [VRFC 10-311] analyzing module ring_oscillator_inst_6_util_vector_logic_34_0
INFO: [VRFC 10-311] analyzing module ring_oscillator_inst_6_util_vector_logic_3_0
INFO: [VRFC 10-311] analyzing module ring_oscillator_inst_6_util_vector_logic_46_0
INFO: [VRFC 10-311] analyzing module ring_oscillator_inst_6_util_vector_logic_4_0
INFO: [VRFC 10-311] analyzing module ring_oscillator_inst_6_util_vector_logic_5_0
INFO: [VRFC 10-311] analyzing module ring_oscillator_inst_6_util_vector_logic_6_0
INFO: [VRFC 10-311] analyzing module ring_oscillator_inst_6_util_vector_logic_7_0
INFO: [VRFC 10-311] analyzing module ring_oscillator_inst_6_util_vector_logic_8_0
INFO: [VRFC 10-311] analyzing module ring_oscillator_inst_6_util_vector_logic_9_0
INFO: [VRFC 10-311] analyzing module ring_oscillator_inst_7_util_vector_logic_10_0
INFO: [VRFC 10-311] analyzing module ring_oscillator_inst_7_util_vector_logic_11_0
INFO: [VRFC 10-311] analyzing module ring_oscillator_inst_7_util_vector_logic_12_0
INFO: [VRFC 10-311] analyzing module ring_oscillator_inst_7_util_vector_logic_13_0
INFO: [VRFC 10-311] analyzing module ring_oscillator_inst_7_util_vector_logic_14_0
INFO: [VRFC 10-311] analyzing module ring_oscillator_inst_7_util_vector_logic_15_0
INFO: [VRFC 10-311] analyzing module ring_oscillator_inst_7_util_vector_logic_16_0
INFO: [VRFC 10-311] analyzing module ring_oscillator_inst_7_util_vector_logic_17_0
INFO: [VRFC 10-311] analyzing module ring_oscillator_inst_7_util_vector_logic_18_0
INFO: [VRFC 10-311] analyzing module ring_oscillator_inst_7_util_vector_logic_19_0
INFO: [VRFC 10-311] analyzing module ring_oscillator_inst_7_util_vector_logic_20_0
INFO: [VRFC 10-311] analyzing module ring_oscillator_inst_7_util_vector_logic_21_0
INFO: [VRFC 10-311] analyzing module ring_oscillator_inst_7_util_vector_logic_22_0
INFO: [VRFC 10-311] analyzing module ring_oscillator_inst_7_util_vector_logic_23_0
INFO: [VRFC 10-311] analyzing module ring_oscillator_inst_7_util_vector_logic_2_0
INFO: [VRFC 10-311] analyzing module ring_oscillator_inst_7_util_vector_logic_34_0
INFO: [VRFC 10-311] analyzing module ring_oscillator_inst_7_util_vector_logic_3_0
INFO: [VRFC 10-311] analyzing module ring_oscillator_inst_7_util_vector_logic_46_0
INFO: [VRFC 10-311] analyzing module ring_oscillator_inst_7_util_vector_logic_4_0
INFO: [VRFC 10-311] analyzing module ring_oscillator_inst_7_util_vector_logic_5_0
INFO: [VRFC 10-311] analyzing module ring_oscillator_inst_7_util_vector_logic_6_0
INFO: [VRFC 10-311] analyzing module ring_oscillator_inst_7_util_vector_logic_7_0
INFO: [VRFC 10-311] analyzing module ring_oscillator_inst_7_util_vector_logic_8_0
INFO: [VRFC 10-311] analyzing module ring_oscillator_inst_7_util_vector_logic_9_0
INFO: [VRFC 10-311] analyzing module ring_oscillator_inst_8_util_vector_logic_10_0
INFO: [VRFC 10-311] analyzing module ring_oscillator_inst_8_util_vector_logic_11_0
INFO: [VRFC 10-311] analyzing module ring_oscillator_inst_8_util_vector_logic_12_0
INFO: [VRFC 10-311] analyzing module ring_oscillator_inst_8_util_vector_logic_13_0
INFO: [VRFC 10-311] analyzing module ring_oscillator_inst_8_util_vector_logic_14_0
INFO: [VRFC 10-311] analyzing module ring_oscillator_inst_8_util_vector_logic_15_0
INFO: [VRFC 10-311] analyzing module ring_oscillator_inst_8_util_vector_logic_16_0
INFO: [VRFC 10-311] analyzing module ring_oscillator_inst_8_util_vector_logic_17_0
INFO: [VRFC 10-311] analyzing module ring_oscillator_inst_8_util_vector_logic_18_0
INFO: [VRFC 10-311] analyzing module ring_oscillator_inst_8_util_vector_logic_19_0
INFO: [VRFC 10-311] analyzing module ring_oscillator_inst_8_util_vector_logic_20_0
INFO: [VRFC 10-311] analyzing module ring_oscillator_inst_8_util_vector_logic_21_0
INFO: [VRFC 10-311] analyzing module ring_oscillator_inst_8_util_vector_logic_22_0
INFO: [VRFC 10-311] analyzing module ring_oscillator_inst_8_util_vector_logic_23_0
INFO: [VRFC 10-311] analyzing module ring_oscillator_inst_8_util_vector_logic_2_0
INFO: [VRFC 10-311] analyzing module ring_oscillator_inst_8_util_vector_logic_34_0
INFO: [VRFC 10-311] analyzing module ring_oscillator_inst_8_util_vector_logic_3_0
INFO: [VRFC 10-311] analyzing module ring_oscillator_inst_8_util_vector_logic_46_0
INFO: [VRFC 10-311] analyzing module ring_oscillator_inst_8_util_vector_logic_4_0
INFO: [VRFC 10-311] analyzing module ring_oscillator_inst_8_util_vector_logic_5_0
INFO: [VRFC 10-311] analyzing module ring_oscillator_inst_8_util_vector_logic_6_0
INFO: [VRFC 10-311] analyzing module ring_oscillator_inst_8_util_vector_logic_7_0
INFO: [VRFC 10-311] analyzing module ring_oscillator_inst_8_util_vector_logic_8_0
INFO: [VRFC 10-311] analyzing module ring_oscillator_inst_8_util_vector_logic_9_0
INFO: [VRFC 10-311] analyzing module ring_oscillator_inst_9_util_vector_logic_10_0
INFO: [VRFC 10-311] analyzing module ring_oscillator_inst_9_util_vector_logic_11_0
INFO: [VRFC 10-311] analyzing module ring_oscillator_inst_9_util_vector_logic_12_0
INFO: [VRFC 10-311] analyzing module ring_oscillator_inst_9_util_vector_logic_13_0
INFO: [VRFC 10-311] analyzing module ring_oscillator_inst_9_util_vector_logic_14_0
INFO: [VRFC 10-311] analyzing module ring_oscillator_inst_9_util_vector_logic_15_0
INFO: [VRFC 10-311] analyzing module ring_oscillator_inst_9_util_vector_logic_16_0
INFO: [VRFC 10-311] analyzing module ring_oscillator_inst_9_util_vector_logic_17_0
INFO: [VRFC 10-311] analyzing module ring_oscillator_inst_9_util_vector_logic_18_0
INFO: [VRFC 10-311] analyzing module ring_oscillator_inst_9_util_vector_logic_19_0
INFO: [VRFC 10-311] analyzing module ring_oscillator_inst_9_util_vector_logic_20_0
INFO: [VRFC 10-311] analyzing module ring_oscillator_inst_9_util_vector_logic_21_0
INFO: [VRFC 10-311] analyzing module ring_oscillator_inst_9_util_vector_logic_22_0
INFO: [VRFC 10-311] analyzing module ring_oscillator_inst_9_util_vector_logic_23_0
INFO: [VRFC 10-311] analyzing module ring_oscillator_inst_9_util_vector_logic_2_0
INFO: [VRFC 10-311] analyzing module ring_oscillator_inst_9_util_vector_logic_34_0
INFO: [VRFC 10-311] analyzing module ring_oscillator_inst_9_util_vector_logic_3_0
INFO: [VRFC 10-311] analyzing module ring_oscillator_inst_9_util_vector_logic_46_0
INFO: [VRFC 10-311] analyzing module ring_oscillator_inst_9_util_vector_logic_4_0
INFO: [VRFC 10-311] analyzing module ring_oscillator_inst_9_util_vector_logic_5_0
INFO: [VRFC 10-311] analyzing module ring_oscillator_inst_9_util_vector_logic_6_0
INFO: [VRFC 10-311] analyzing module ring_oscillator_inst_9_util_vector_logic_7_0
INFO: [VRFC 10-311] analyzing module ring_oscillator_inst_9_util_vector_logic_8_0
INFO: [VRFC 10-311] analyzing module ring_oscillator_inst_9_util_vector_logic_9_0
INFO: [VRFC 10-311] analyzing module final_assembly_c_counter_binary_0_0_c_addsub_v12_0_14_fabric_legacy
INFO: [VRFC 10-311] analyzing module final_assembly_c_counter_binary_0_0_c_addsub_v12_0_14_legacy
INFO: [VRFC 10-311] analyzing module final_assembly_c_counter_binary_0_0_c_addsub_v12_0_14_lut6_legacy
INFO: [VRFC 10-311] analyzing module final_assembly_c_counter_binary_0_0_c_counter_binary_v12_0_14
INFO: [VRFC 10-311] analyzing module final_assembly_c_counter_binary_0_0_c_counter_binary_v12_0_14_legacy
INFO: [VRFC 10-311] analyzing module final_assembly_c_counter_binary_0_0_c_counter_binary_v12_0_14_viv
INFO: [VRFC 10-311] analyzing module final_assembly_c_counter_binary_0_0_c_reg_fd_v12_0_6_viv
INFO: [VRFC 10-311] analyzing module final_assembly_c_counter_binary_1_0_c_addsub_v12_0_14_fabric_legacy
INFO: [VRFC 10-311] analyzing module final_assembly_c_counter_binary_1_0_c_addsub_v12_0_14_legacy
INFO: [VRFC 10-311] analyzing module final_assembly_c_counter_binary_1_0_c_addsub_v12_0_14_lut6_legacy
INFO: [VRFC 10-311] analyzing module final_assembly_c_counter_binary_1_0_c_counter_binary_v12_0_14
INFO: [VRFC 10-311] analyzing module final_assembly_c_counter_binary_1_0_c_counter_binary_v12_0_14_legacy
INFO: [VRFC 10-311] analyzing module final_assembly_c_counter_binary_1_0_c_counter_binary_v12_0_14_viv
INFO: [VRFC 10-311] analyzing module final_assembly_c_counter_binary_1_0_c_reg_fd_v12_0_6_viv
INFO: [VRFC 10-311] analyzing module glbl
