Vivado Simulator v2021.1
Copyright 1986-1999, 2001-2021 Xilinx, Inc. All Rights Reserved.
Running: E:/Vivado/2021.1/bin/unwrapped/win64.o/xelab.exe -wto 445c7d054ac743c282cbec6cdc57eea5 --incr --debug typical --relax --mt 2 --maxdelay -L xil_defaultlib -L simprims_ver -L secureip --snapshot ring_oscillator_wrapper_time_synth -transport_int_delays -pulse_r 0 -pulse_int_r 0 -pulse_e 0 -pulse_int_e 0 xil_defaultlib.ring_oscillator_wrapper xil_defaultlib.glbl -log elaborate.log 
Using 2 slave threads.
Starting static elaboration
Pass Through NonSizing Optimizer
Completed static elaboration
Starting simulation data flow analysis
Completed simulation data flow analysis
INFO: [XSIM 43-3451] SDF backannotation process started with SDF file "ring_oscillator_wrapper_time_synth.sdf", for root module "ring_oscillator_wrapper".
INFO: [XSIM 43-3452] SDF backannotation was successful for SDF file "ring_oscillator_wrapper_time_synth.sdf", for root module "ring_oscillator_wrapper".
Time Resolution for simulation is 1ps
Compiling module simprims_ver.IBUF
Compiling module simprims_ver.OBUF
Compiling module simprims_ver.x_lut2_mux4
Compiling module simprims_ver.LUT2(INIT=4'b1000)
Compiling module xil_defaultlib.ring_oscillator_util_vector_logi...
Compiling module simprims_ver.x_lut1_mux2
Compiling module simprims_ver.LUT1
Compiling module xil_defaultlib.ring_oscillator_util_vector_logi...
Compiling module xil_defaultlib.ring_oscillator_util_vector_logi...
Compiling module xil_defaultlib.ring_oscillator_util_vector_logi...
Compiling module xil_defaultlib.ring_oscillator
Compiling module xil_defaultlib.ring_oscillator_wrapper
Compiling module xil_defaultlib.glbl
Built simulation snapshot ring_oscillator_wrapper_time_synth
