Vivado Simulator v2021.1
Copyright 1986-1999, 2001-2021 Xilinx, Inc. All Rights Reserved.
Running: D:/Vivado/2021.1/bin/unwrapped/win64.o/xelab.exe -wto 64f6b17b48d74b989abfe9288dfcedfe --incr --debug typical --relax --mt 2 -L xil_defaultlib -L util_vector_logic_v2_0_1 -L xlconcat_v2_1_4 -L xbip_utils_v3_0_10 -L c_reg_fd_v12_0_6 -L xbip_dsp48_wrapper_v3_0_4 -L xbip_pipe_v3_0_6 -L xbip_dsp48_addsub_v3_0_6 -L xbip_addsub_v3_0_6 -L c_addsub_v12_0_14 -L c_gate_bit_v12_0_6 -L xbip_counter_v3_0_6 -L c_counter_binary_v12_0_14 -L xlslice_v1_0_2 -L unisims_ver -L unimacro_ver -L secureip -L xpm --snapshot final_assembly_wrapper_behav xil_defaultlib.final_assembly_wrapper xil_defaultlib.glbl -log elaborate.log 
Using 2 slave threads.
Starting static elaboration
Pass Through NonSizing Optimizer
Completed static elaboration
Starting simulation data flow analysis
Completed simulation data flow analysis
Time Resolution for simulation is 1ps
Compiling package std.standard
Compiling package std.textio
Compiling package ieee.std_logic_1164
Compiling package ieee.numeric_std
Compiling package c_counter_binary_v12_0_14.c_counter_binary_v12_0_14_viv_co...
Compiling package xbip_utils_v3_0_10.xbip_utils_v3_0_10_pkg
Compiling package xbip_counter_v3_0_6.xbip_counter_v3_0_6_viv_comp
Compiling package ieee.std_logic_arith
Compiling package ieee.std_logic_unsigned
Compiling package xbip_counter_v3_0_6.xbip_counter_v3_0_6_pkg
Compiling package c_counter_binary_v12_0_14.c_counter_binary_v12_0_14_pkg
Compiling package c_addsub_v12_0_14.c_addsub_v12_0_14_pkg_legacy
Compiling package c_reg_fd_v12_0_6.c_reg_fd_v12_0_6_viv_comp
Compiling package c_addsub_v12_0_14.c_addsub_v12_0_14_pkg
Compiling package unisim.vcomponents
Compiling module xil_defaultlib.Accumulator
Compiling module xil_defaultlib.final_assembly_Accumulator_0_0
Compiling architecture structural of entity c_reg_fd_v12_0_6.c_reg_fd_v12_0_6_viv [\c_reg_fd_v12_0_6_viv(c_width=12...]
Compiling architecture muxcy_v of entity unisim.MUXCY [muxcy_default]
Compiling architecture xorcy_v of entity unisim.XORCY [xorcy_default]
Compiling architecture rtl of entity c_addsub_v12_0_14.c_addsub_v12_0_14_lut6_legacy [\c_addsub_v12_0_14_lut6_legacy(c...]
Compiling architecture synth of entity c_addsub_v12_0_14.c_addsub_v12_0_14_fabric_legacy [\c_addsub_v12_0_14_fabric_legacy...]
Compiling architecture synth of entity c_addsub_v12_0_14.c_addsub_v12_0_14_legacy [\c_addsub_v12_0_14_legacy(c_fami...]
Compiling architecture synth of entity c_counter_binary_v12_0_14.c_counter_binary_v12_0_14_legacy [\c_counter_binary_v12_0_14_legac...]
Compiling architecture synth of entity c_counter_binary_v12_0_14.c_counter_binary_v12_0_14_viv [\c_counter_binary_v12_0_14_viv(c...]
Compiling architecture xilinx of entity c_counter_binary_v12_0_14.c_counter_binary_v12_0_14 [\c_counter_binary_v12_0_14(c_xde...]
Compiling architecture final_assembly_c_counter_binary_0_0_arch of entity xil_defaultlib.final_assembly_c_counter_binary_0_0 [final_assembly_c_counter_binary_...]
Compiling architecture final_assembly_c_counter_binary_1_0_arch of entity xil_defaultlib.final_assembly_c_counter_binary_1_0 [final_assembly_c_counter_binary_...]
Compiling module xil_defaultlib.comparator
Compiling module xil_defaultlib.final_assembly_comparator_0_0
Compiling module xil_defaultlib.multiplexer_4to1
Compiling module xil_defaultlib.multiplexer_16to1
Compiling module xil_defaultlib.final_assembly_multiplexer_16to1...
Compiling module xil_defaultlib.final_assembly_multiplexer_16to1...
Compiling module util_vector_logic_v2_0_1.util_vector_logic_v2_0_1_util_ve...
Compiling module xil_defaultlib.ring_oscillator_inst_2_util_vect...
Compiling module xil_defaultlib.ring_oscillator_inst_2_util_vect...
Compiling module xil_defaultlib.ring_oscillator_inst_2_util_vect...
Compiling module xil_defaultlib.ring_oscillator_inst_2_util_vect...
Compiling module util_vector_logic_v2_0_1.util_vector_logic_v2_0_1_util_ve...
Compiling module xil_defaultlib.ring_oscillator_inst_2_util_vect...
Compiling module xil_defaultlib.ring_oscillator_inst_2
Compiling module xil_defaultlib.ring_oscillator_inst_3_util_vect...
Compiling module xil_defaultlib.ring_oscillator_inst_3_util_vect...
Compiling module xil_defaultlib.ring_oscillator_inst_3_util_vect...
Compiling module xil_defaultlib.ring_oscillator_inst_3_util_vect...
Compiling module xil_defaultlib.ring_oscillator_inst_3_util_vect...
Compiling module xil_defaultlib.ring_oscillator_inst_3
Compiling module xil_defaultlib.ring_oscillator_inst_12_util_vec...
Compiling module xil_defaultlib.ring_oscillator_inst_12_util_vec...
Compiling module xil_defaultlib.ring_oscillator_inst_12_util_vec...
Compiling module xil_defaultlib.ring_oscillator_inst_12_util_vec...
Compiling module xil_defaultlib.ring_oscillator_inst_12_util_vec...
Compiling module xil_defaultlib.ring_oscillator_inst_12
Compiling module xil_defaultlib.ring_oscillator_inst_13_util_vec...
Compiling module xil_defaultlib.ring_oscillator_inst_13_util_vec...
Compiling module xil_defaultlib.ring_oscillator_inst_13_util_vec...
Compiling module xil_defaultlib.ring_oscillator_inst_13_util_vec...
Compiling module xil_defaultlib.ring_oscillator_inst_13_util_vec...
Compiling module xil_defaultlib.ring_oscillator_inst_13
Compiling module xil_defaultlib.ring_oscillator_inst_14_util_vec...
Compiling module xil_defaultlib.ring_oscillator_inst_14_util_vec...
Compiling module xil_defaultlib.ring_oscillator_inst_14_util_vec...
Compiling module xil_defaultlib.ring_oscillator_inst_14_util_vec...
Compiling module xil_defaultlib.ring_oscillator_inst_14_util_vec...
Compiling module xil_defaultlib.ring_oscillator_inst_14
Compiling module xil_defaultlib.ring_oscillator_inst_15_util_vec...
Compiling module xil_defaultlib.ring_oscillator_inst_15_util_vec...
Compiling module xil_defaultlib.ring_oscillator_inst_15_util_vec...
Compiling module xil_defaultlib.ring_oscillator_inst_15_util_vec...
Compiling module xil_defaultlib.ring_oscillator_inst_15_util_vec...
Compiling module xil_defaultlib.ring_oscillator_inst_15
Compiling module xil_defaultlib.ring_oscillator_inst_16_util_vec...
Compiling module xil_defaultlib.ring_oscillator_inst_16_util_vec...
Compiling module xil_defaultlib.ring_oscillator_inst_16_util_vec...
Compiling module xil_defaultlib.ring_oscillator_inst_16_util_vec...
Compiling module xil_defaultlib.ring_oscillator_inst_16_util_vec...
Compiling module xil_defaultlib.ring_oscillator_inst_16
Compiling module xil_defaultlib.ring_oscillator_inst_17_util_vec...
Compiling module xil_defaultlib.ring_oscillator_inst_17_util_vec...
Compiling module xil_defaultlib.ring_oscillator_inst_17_util_vec...
Compiling module xil_defaultlib.ring_oscillator_inst_17_util_vec...
Compiling module xil_defaultlib.ring_oscillator_inst_17_util_vec...
Compiling module xil_defaultlib.ring_oscillator_inst_17
Compiling module xil_defaultlib.ring_oscillator_inst_4_util_vect...
Compiling module xil_defaultlib.ring_oscillator_inst_4_util_vect...
Compiling module xil_defaultlib.ring_oscillator_inst_4_util_vect...
Compiling module xil_defaultlib.ring_oscillator_inst_4_util_vect...
Compiling module xil_defaultlib.ring_oscillator_inst_4_util_vect...
Compiling module xil_defaultlib.ring_oscillator_inst_4
Compiling module xil_defaultlib.ring_oscillator_inst_5_util_vect...
Compiling module xil_defaultlib.ring_oscillator_inst_5_util_vect...
Compiling module xil_defaultlib.ring_oscillator_inst_5_util_vect...
Compiling module xil_defaultlib.ring_oscillator_inst_5_util_vect...
Compiling module xil_defaultlib.ring_oscillator_inst_5_util_vect...
Compiling module xil_defaultlib.ring_oscillator_inst_5
Compiling module xil_defaultlib.ring_oscillator_inst_6_util_vect...
Compiling module xil_defaultlib.ring_oscillator_inst_6_util_vect...
Compiling module xil_defaultlib.ring_oscillator_inst_6_util_vect...
Compiling module xil_defaultlib.ring_oscillator_inst_6_util_vect...
Compiling module xil_defaultlib.ring_oscillator_inst_6_util_vect...
Compiling module xil_defaultlib.ring_oscillator_inst_6
Compiling module xil_defaultlib.ring_oscillator_inst_7_util_vect...
Compiling module xil_defaultlib.ring_oscillator_inst_7_util_vect...
Compiling module xil_defaultlib.ring_oscillator_inst_7_util_vect...
Compiling module xil_defaultlib.ring_oscillator_inst_7_util_vect...
Compiling module xil_defaultlib.ring_oscillator_inst_7_util_vect...
Compiling module xil_defaultlib.ring_oscillator_inst_7
Compiling module xil_defaultlib.ring_oscillator_inst_8_util_vect...
Compiling module xil_defaultlib.ring_oscillator_inst_8_util_vect...
Compiling module xil_defaultlib.ring_oscillator_inst_8_util_vect...
Compiling module xil_defaultlib.ring_oscillator_inst_8_util_vect...
Compiling module xil_defaultlib.ring_oscillator_inst_8_util_vect...
Compiling module xil_defaultlib.ring_oscillator_inst_8
Compiling module xil_defaultlib.ring_oscillator_inst_9_util_vect...
Compiling module xil_defaultlib.ring_oscillator_inst_9_util_vect...
Compiling module xil_defaultlib.ring_oscillator_inst_9_util_vect...
Compiling module xil_defaultlib.ring_oscillator_inst_9_util_vect...
Compiling module xil_defaultlib.ring_oscillator_inst_9_util_vect...
Compiling module xil_defaultlib.ring_oscillator_inst_9
Compiling module xil_defaultlib.ring_oscillator_inst_10_util_vec...
Compiling module xil_defaultlib.ring_oscillator_inst_10_util_vec...
Compiling module xil_defaultlib.ring_oscillator_inst_10_util_vec...
Compiling module xil_defaultlib.ring_oscillator_inst_10_util_vec...
Compiling module xil_defaultlib.ring_oscillator_inst_10_util_vec...
Compiling module xil_defaultlib.ring_oscillator_inst_10
Compiling module xil_defaultlib.ring_oscillator_inst_11_util_vec...
Compiling module xil_defaultlib.ring_oscillator_inst_11_util_vec...
Compiling module xil_defaultlib.ring_oscillator_inst_11_util_vec...
Compiling module xil_defaultlib.ring_oscillator_inst_11_util_vec...
Compiling module xil_defaultlib.ring_oscillator_inst_11_util_vec...
Compiling module xil_defaultlib.ring_oscillator_inst_11
Compiling module xil_defaultlib.ring_oscillator_16
Compiling module xil_defaultlib.ring_oscillator_16_wrapper
Compiling module xil_defaultlib.final_assembly_ring_oscillator_1...
Compiling module xil_defaultlib.final_assembly_ring_oscillator_1...
Compiling module xlconcat_v2_1_4.xlconcat_v2_1_4_xlconcat(dout_wi...
Compiling module xil_defaultlib.final_assembly_xlconcat_0_0
Compiling module xil_defaultlib.final_assembly_xlconcat_1_0
Compiling module xlslice_v1_0_2.xlslice_v1_0_2_xlslice(DIN_WIDTH...
Compiling module xil_defaultlib.final_assembly_xlslice_0_0
Compiling module xlslice_v1_0_2.xlslice_v1_0_2_xlslice(DIN_WIDTH...
Compiling module xil_defaultlib.final_assembly_xlslice_1_0
Compiling module xil_defaultlib.final_assembly
Compiling module xil_defaultlib.final_assembly_wrapper
Compiling module xil_defaultlib.glbl
Built simulation snapshot final_assembly_wrapper_behav
