INFO: [VRFC 10-2263] Analyzing Verilog file "D:/Vivado/PUF_Project/Ring_oscillator_PUF/Ring_oscillator_PUF.srcs/sources_1/new/multiplexer_4to1.v" into library xil_defaultlib
INFO: [VRFC 10-311] analyzing module multiplexer_4to1
INFO: [VRFC 10-2263] Analyzing Verilog file "D:/Vivado/PUF_Project/Ring_oscillator_PUF/Ring_oscillator_PUF.srcs/sources_1/new/multiplexer_16to1.v" into library xil_defaultlib
INFO: [VRFC 10-311] analyzing module multiplexer_16to1
INFO: [VRFC 10-2263] Analyzing Verilog file "D:/Vivado/PUF_Project/Ring_oscillator_PUF/Ring_oscillator_PUF.srcs/sources_1/new/comparator.v" into library xil_defaultlib
INFO: [VRFC 10-311] analyzing module comparator
INFO: [VRFC 10-2263] Analyzing Verilog file "D:/Vivado/PUF_Project/Ring_oscillator_PUF/Ring_oscillator_PUF.ip_user_files/bd/ring_oscillator_inst_2/ip/ring_oscillator_inst_2_util_vector_logic_4_0/sim/ring_oscillator_inst_2_util_vector_logic_4_0.v" into library xil_defaultlib
INFO: [VRFC 10-311] analyzing module ring_oscillator_inst_2_util_vector_logic_4_0
INFO: [VRFC 10-2263] Analyzing Verilog file "D:/Vivado/PUF_Project/Ring_oscillator_PUF/Ring_oscillator_PUF.ip_user_files/bd/ring_oscillator_inst_2/ip/ring_oscillator_inst_2_util_vector_logic_2_0/sim/ring_oscillator_inst_2_util_vector_logic_2_0.v" into library xil_defaultlib
INFO: [VRFC 10-311] analyzing module ring_oscillator_inst_2_util_vector_logic_2_0
INFO: [VRFC 10-2263] Analyzing Verilog file "D:/Vivado/PUF_Project/Ring_oscillator_PUF/Ring_oscillator_PUF.ip_user_files/bd/ring_oscillator_inst_2/ip/ring_oscillator_inst_2_util_vector_logic_21_0/sim/ring_oscillator_inst_2_util_vector_logic_21_0.v" into library xil_defaultlib
INFO: [VRFC 10-311] analyzing module ring_oscillator_inst_2_util_vector_logic_21_0
INFO: [VRFC 10-2263] Analyzing Verilog file "D:/Vivado/PUF_Project/Ring_oscillator_PUF/Ring_oscillator_PUF.ip_user_files/bd/ring_oscillator_inst_2/ip/ring_oscillator_inst_2_util_vector_logic_22_0/sim/ring_oscillator_inst_2_util_vector_logic_22_0.v" into library xil_defaultlib
INFO: [VRFC 10-311] analyzing module ring_oscillator_inst_2_util_vector_logic_22_0
INFO: [VRFC 10-2263] Analyzing Verilog file "D:/Vivado/PUF_Project/Ring_oscillator_PUF/Ring_oscillator_PUF.ip_user_files/bd/ring_oscillator_inst_2/ip/ring_oscillator_inst_2_util_vector_logic_23_0/sim/ring_oscillator_inst_2_util_vector_logic_23_0.v" into library xil_defaultlib
INFO: [VRFC 10-311] analyzing module ring_oscillator_inst_2_util_vector_logic_23_0
INFO: [VRFC 10-2263] Analyzing Verilog file "D:/Vivado/PUF_Project/Ring_oscillator_PUF/Ring_oscillator_PUF.ip_user_files/bd/ring_oscillator_inst_2/ip/ring_oscillator_inst_2_util_vector_logic_34_0/sim/ring_oscillator_inst_2_util_vector_logic_34_0.v" into library xil_defaultlib
INFO: [VRFC 10-311] analyzing module ring_oscillator_inst_2_util_vector_logic_34_0
INFO: [VRFC 10-2263] Analyzing Verilog file "D:/Vivado/PUF_Project/Ring_oscillator_PUF/Ring_oscillator_PUF.ip_user_files/bd/ring_oscillator_inst_2/sim/ring_oscillator_inst_2.v" into library xil_defaultlib
INFO: [VRFC 10-311] analyzing module ring_oscillator_inst_2
INFO: [VRFC 10-2263] Analyzing Verilog file "D:/Vivado/PUF_Project/Ring_oscillator_PUF/Ring_oscillator_PUF.ip_user_files/bd/ring_oscillator_inst_3/ip/ring_oscillator_inst_3_util_vector_logic_4_0/sim/ring_oscillator_inst_3_util_vector_logic_4_0.v" into library xil_defaultlib
INFO: [VRFC 10-311] analyzing module ring_oscillator_inst_3_util_vector_logic_4_0
INFO: [VRFC 10-2263] Analyzing Verilog file "D:/Vivado/PUF_Project/Ring_oscillator_PUF/Ring_oscillator_PUF.ip_user_files/bd/ring_oscillator_inst_3/ip/ring_oscillator_inst_3_util_vector_logic_2_0/sim/ring_oscillator_inst_3_util_vector_logic_2_0.v" into library xil_defaultlib
INFO: [VRFC 10-311] analyzing module ring_oscillator_inst_3_util_vector_logic_2_0
INFO: [VRFC 10-2263] Analyzing Verilog file "D:/Vivado/PUF_Project/Ring_oscillator_PUF/Ring_oscillator_PUF.ip_user_files/bd/ring_oscillator_inst_3/ip/ring_oscillator_inst_3_util_vector_logic_21_0/sim/ring_oscillator_inst_3_util_vector_logic_21_0.v" into library xil_defaultlib
INFO: [VRFC 10-311] analyzing module ring_oscillator_inst_3_util_vector_logic_21_0
INFO: [VRFC 10-2263] Analyzing Verilog file "D:/Vivado/PUF_Project/Ring_oscillator_PUF/Ring_oscillator_PUF.ip_user_files/bd/ring_oscillator_inst_3/ip/ring_oscillator_inst_3_util_vector_logic_22_0/sim/ring_oscillator_inst_3_util_vector_logic_22_0.v" into library xil_defaultlib
INFO: [VRFC 10-311] analyzing module ring_oscillator_inst_3_util_vector_logic_22_0
INFO: [VRFC 10-2263] Analyzing Verilog file "D:/Vivado/PUF_Project/Ring_oscillator_PUF/Ring_oscillator_PUF.ip_user_files/bd/ring_oscillator_inst_3/ip/ring_oscillator_inst_3_util_vector_logic_23_0/sim/ring_oscillator_inst_3_util_vector_logic_23_0.v" into library xil_defaultlib
INFO: [VRFC 10-311] analyzing module ring_oscillator_inst_3_util_vector_logic_23_0
INFO: [VRFC 10-2263] Analyzing Verilog file "D:/Vivado/PUF_Project/Ring_oscillator_PUF/Ring_oscillator_PUF.ip_user_files/bd/ring_oscillator_inst_3/ip/ring_oscillator_inst_3_util_vector_logic_34_0/sim/ring_oscillator_inst_3_util_vector_logic_34_0.v" into library xil_defaultlib
INFO: [VRFC 10-311] analyzing module ring_oscillator_inst_3_util_vector_logic_34_0
INFO: [VRFC 10-2263] Analyzing Verilog file "D:/Vivado/PUF_Project/Ring_oscillator_PUF/Ring_oscillator_PUF.ip_user_files/bd/ring_oscillator_inst_3/sim/ring_oscillator_inst_3.v" into library xil_defaultlib
INFO: [VRFC 10-311] analyzing module ring_oscillator_inst_3
INFO: [VRFC 10-2263] Analyzing Verilog file "D:/Vivado/PUF_Project/Ring_oscillator_PUF/Ring_oscillator_PUF.ip_user_files/bd/ring_oscillator_inst_4/ip/ring_oscillator_inst_4_util_vector_logic_4_0/sim/ring_oscillator_inst_4_util_vector_logic_4_0.v" into library xil_defaultlib
INFO: [VRFC 10-311] analyzing module ring_oscillator_inst_4_util_vector_logic_4_0
INFO: [VRFC 10-2263] Analyzing Verilog file "D:/Vivado/PUF_Project/Ring_oscillator_PUF/Ring_oscillator_PUF.ip_user_files/bd/ring_oscillator_inst_4/ip/ring_oscillator_inst_4_util_vector_logic_2_0/sim/ring_oscillator_inst_4_util_vector_logic_2_0.v" into library xil_defaultlib
INFO: [VRFC 10-311] analyzing module ring_oscillator_inst_4_util_vector_logic_2_0
INFO: [VRFC 10-2263] Analyzing Verilog file "D:/Vivado/PUF_Project/Ring_oscillator_PUF/Ring_oscillator_PUF.ip_user_files/bd/ring_oscillator_inst_4/ip/ring_oscillator_inst_4_util_vector_logic_21_0/sim/ring_oscillator_inst_4_util_vector_logic_21_0.v" into library xil_defaultlib
INFO: [VRFC 10-311] analyzing module ring_oscillator_inst_4_util_vector_logic_21_0
INFO: [VRFC 10-2263] Analyzing Verilog file "D:/Vivado/PUF_Project/Ring_oscillator_PUF/Ring_oscillator_PUF.ip_user_files/bd/ring_oscillator_inst_4/ip/ring_oscillator_inst_4_util_vector_logic_22_0/sim/ring_oscillator_inst_4_util_vector_logic_22_0.v" into library xil_defaultlib
INFO: [VRFC 10-311] analyzing module ring_oscillator_inst_4_util_vector_logic_22_0
INFO: [VRFC 10-2263] Analyzing Verilog file "D:/Vivado/PUF_Project/Ring_oscillator_PUF/Ring_oscillator_PUF.ip_user_files/bd/ring_oscillator_inst_4/ip/ring_oscillator_inst_4_util_vector_logic_23_0/sim/ring_oscillator_inst_4_util_vector_logic_23_0.v" into library xil_defaultlib
INFO: [VRFC 10-311] analyzing module ring_oscillator_inst_4_util_vector_logic_23_0
INFO: [VRFC 10-2263] Analyzing Verilog file "D:/Vivado/PUF_Project/Ring_oscillator_PUF/Ring_oscillator_PUF.ip_user_files/bd/ring_oscillator_inst_4/ip/ring_oscillator_inst_4_util_vector_logic_34_0/sim/ring_oscillator_inst_4_util_vector_logic_34_0.v" into library xil_defaultlib
INFO: [VRFC 10-311] analyzing module ring_oscillator_inst_4_util_vector_logic_34_0
INFO: [VRFC 10-2263] Analyzing Verilog file "D:/Vivado/PUF_Project/Ring_oscillator_PUF/Ring_oscillator_PUF.ip_user_files/bd/ring_oscillator_inst_4/sim/ring_oscillator_inst_4.v" into library xil_defaultlib
INFO: [VRFC 10-311] analyzing module ring_oscillator_inst_4
INFO: [VRFC 10-2263] Analyzing Verilog file "D:/Vivado/PUF_Project/Ring_oscillator_PUF/Ring_oscillator_PUF.ip_user_files/bd/ring_oscillator_inst_5/ip/ring_oscillator_inst_5_util_vector_logic_4_0/sim/ring_oscillator_inst_5_util_vector_logic_4_0.v" into library xil_defaultlib
INFO: [VRFC 10-311] analyzing module ring_oscillator_inst_5_util_vector_logic_4_0
INFO: [VRFC 10-2263] Analyzing Verilog file "D:/Vivado/PUF_Project/Ring_oscillator_PUF/Ring_oscillator_PUF.ip_user_files/bd/ring_oscillator_inst_5/ip/ring_oscillator_inst_5_util_vector_logic_2_0/sim/ring_oscillator_inst_5_util_vector_logic_2_0.v" into library xil_defaultlib
INFO: [VRFC 10-311] analyzing module ring_oscillator_inst_5_util_vector_logic_2_0
INFO: [VRFC 10-2263] Analyzing Verilog file "D:/Vivado/PUF_Project/Ring_oscillator_PUF/Ring_oscillator_PUF.ip_user_files/bd/ring_oscillator_inst_5/ip/ring_oscillator_inst_5_util_vector_logic_21_0/sim/ring_oscillator_inst_5_util_vector_logic_21_0.v" into library xil_defaultlib
INFO: [VRFC 10-311] analyzing module ring_oscillator_inst_5_util_vector_logic_21_0
INFO: [VRFC 10-2263] Analyzing Verilog file "D:/Vivado/PUF_Project/Ring_oscillator_PUF/Ring_oscillator_PUF.ip_user_files/bd/ring_oscillator_inst_5/ip/ring_oscillator_inst_5_util_vector_logic_22_0/sim/ring_oscillator_inst_5_util_vector_logic_22_0.v" into library xil_defaultlib
INFO: [VRFC 10-311] analyzing module ring_oscillator_inst_5_util_vector_logic_22_0
INFO: [VRFC 10-2263] Analyzing Verilog file "D:/Vivado/PUF_Project/Ring_oscillator_PUF/Ring_oscillator_PUF.ip_user_files/bd/ring_oscillator_inst_5/ip/ring_oscillator_inst_5_util_vector_logic_23_0/sim/ring_oscillator_inst_5_util_vector_logic_23_0.v" into library xil_defaultlib
INFO: [VRFC 10-311] analyzing module ring_oscillator_inst_5_util_vector_logic_23_0
INFO: [VRFC 10-2263] Analyzing Verilog file "D:/Vivado/PUF_Project/Ring_oscillator_PUF/Ring_oscillator_PUF.ip_user_files/bd/ring_oscillator_inst_5/ip/ring_oscillator_inst_5_util_vector_logic_34_0/sim/ring_oscillator_inst_5_util_vector_logic_34_0.v" into library xil_defaultlib
INFO: [VRFC 10-311] analyzing module ring_oscillator_inst_5_util_vector_logic_34_0
INFO: [VRFC 10-2263] Analyzing Verilog file "D:/Vivado/PUF_Project/Ring_oscillator_PUF/Ring_oscillator_PUF.ip_user_files/bd/ring_oscillator_inst_5/sim/ring_oscillator_inst_5.v" into library xil_defaultlib
INFO: [VRFC 10-311] analyzing module ring_oscillator_inst_5
INFO: [VRFC 10-2263] Analyzing Verilog file "D:/Vivado/PUF_Project/Ring_oscillator_PUF/Ring_oscillator_PUF.ip_user_files/bd/ring_oscillator_inst_6/ip/ring_oscillator_inst_6_util_vector_logic_4_0/sim/ring_oscillator_inst_6_util_vector_logic_4_0.v" into library xil_defaultlib
INFO: [VRFC 10-311] analyzing module ring_oscillator_inst_6_util_vector_logic_4_0
INFO: [VRFC 10-2263] Analyzing Verilog file "D:/Vivado/PUF_Project/Ring_oscillator_PUF/Ring_oscillator_PUF.ip_user_files/bd/ring_oscillator_inst_6/ip/ring_oscillator_inst_6_util_vector_logic_2_0/sim/ring_oscillator_inst_6_util_vector_logic_2_0.v" into library xil_defaultlib
INFO: [VRFC 10-311] analyzing module ring_oscillator_inst_6_util_vector_logic_2_0
INFO: [VRFC 10-2263] Analyzing Verilog file "D:/Vivado/PUF_Project/Ring_oscillator_PUF/Ring_oscillator_PUF.ip_user_files/bd/ring_oscillator_inst_6/ip/ring_oscillator_inst_6_util_vector_logic_21_0/sim/ring_oscillator_inst_6_util_vector_logic_21_0.v" into library xil_defaultlib
INFO: [VRFC 10-311] analyzing module ring_oscillator_inst_6_util_vector_logic_21_0
INFO: [VRFC 10-2263] Analyzing Verilog file "D:/Vivado/PUF_Project/Ring_oscillator_PUF/Ring_oscillator_PUF.ip_user_files/bd/ring_oscillator_inst_6/ip/ring_oscillator_inst_6_util_vector_logic_22_0/sim/ring_oscillator_inst_6_util_vector_logic_22_0.v" into library xil_defaultlib
INFO: [VRFC 10-311] analyzing module ring_oscillator_inst_6_util_vector_logic_22_0
INFO: [VRFC 10-2263] Analyzing Verilog file "D:/Vivado/PUF_Project/Ring_oscillator_PUF/Ring_oscillator_PUF.ip_user_files/bd/ring_oscillator_inst_6/ip/ring_oscillator_inst_6_util_vector_logic_23_0/sim/ring_oscillator_inst_6_util_vector_logic_23_0.v" into library xil_defaultlib
INFO: [VRFC 10-311] analyzing module ring_oscillator_inst_6_util_vector_logic_23_0
INFO: [VRFC 10-2263] Analyzing Verilog file "D:/Vivado/PUF_Project/Ring_oscillator_PUF/Ring_oscillator_PUF.ip_user_files/bd/ring_oscillator_inst_6/ip/ring_oscillator_inst_6_util_vector_logic_34_0/sim/ring_oscillator_inst_6_util_vector_logic_34_0.v" into library xil_defaultlib
INFO: [VRFC 10-311] analyzing module ring_oscillator_inst_6_util_vector_logic_34_0
INFO: [VRFC 10-2263] Analyzing Verilog file "D:/Vivado/PUF_Project/Ring_oscillator_PUF/Ring_oscillator_PUF.ip_user_files/bd/ring_oscillator_inst_6/sim/ring_oscillator_inst_6.v" into library xil_defaultlib
INFO: [VRFC 10-311] analyzing module ring_oscillator_inst_6
INFO: [VRFC 10-2263] Analyzing Verilog file "D:/Vivado/PUF_Project/Ring_oscillator_PUF/Ring_oscillator_PUF.ip_user_files/bd/ring_oscillator_inst_7/ip/ring_oscillator_inst_7_util_vector_logic_4_0/sim/ring_oscillator_inst_7_util_vector_logic_4_0.v" into library xil_defaultlib
INFO: [VRFC 10-311] analyzing module ring_oscillator_inst_7_util_vector_logic_4_0
INFO: [VRFC 10-2263] Analyzing Verilog file "D:/Vivado/PUF_Project/Ring_oscillator_PUF/Ring_oscillator_PUF.ip_user_files/bd/ring_oscillator_inst_7/ip/ring_oscillator_inst_7_util_vector_logic_2_0/sim/ring_oscillator_inst_7_util_vector_logic_2_0.v" into library xil_defaultlib
INFO: [VRFC 10-311] analyzing module ring_oscillator_inst_7_util_vector_logic_2_0
INFO: [VRFC 10-2263] Analyzing Verilog file "D:/Vivado/PUF_Project/Ring_oscillator_PUF/Ring_oscillator_PUF.ip_user_files/bd/ring_oscillator_inst_7/ip/ring_oscillator_inst_7_util_vector_logic_21_0/sim/ring_oscillator_inst_7_util_vector_logic_21_0.v" into library xil_defaultlib
INFO: [VRFC 10-311] analyzing module ring_oscillator_inst_7_util_vector_logic_21_0
INFO: [VRFC 10-2263] Analyzing Verilog file "D:/Vivado/PUF_Project/Ring_oscillator_PUF/Ring_oscillator_PUF.ip_user_files/bd/ring_oscillator_inst_7/ip/ring_oscillator_inst_7_util_vector_logic_22_0/sim/ring_oscillator_inst_7_util_vector_logic_22_0.v" into library xil_defaultlib
INFO: [VRFC 10-311] analyzing module ring_oscillator_inst_7_util_vector_logic_22_0
INFO: [VRFC 10-2263] Analyzing Verilog file "D:/Vivado/PUF_Project/Ring_oscillator_PUF/Ring_oscillator_PUF.ip_user_files/bd/ring_oscillator_inst_7/ip/ring_oscillator_inst_7_util_vector_logic_23_0/sim/ring_oscillator_inst_7_util_vector_logic_23_0.v" into library xil_defaultlib
INFO: [VRFC 10-311] analyzing module ring_oscillator_inst_7_util_vector_logic_23_0
INFO: [VRFC 10-2263] Analyzing Verilog file "D:/Vivado/PUF_Project/Ring_oscillator_PUF/Ring_oscillator_PUF.ip_user_files/bd/ring_oscillator_inst_7/ip/ring_oscillator_inst_7_util_vector_logic_34_0/sim/ring_oscillator_inst_7_util_vector_logic_34_0.v" into library xil_defaultlib
INFO: [VRFC 10-311] analyzing module ring_oscillator_inst_7_util_vector_logic_34_0
INFO: [VRFC 10-2263] Analyzing Verilog file "D:/Vivado/PUF_Project/Ring_oscillator_PUF/Ring_oscillator_PUF.ip_user_files/bd/ring_oscillator_inst_7/sim/ring_oscillator_inst_7.v" into library xil_defaultlib
INFO: [VRFC 10-311] analyzing module ring_oscillator_inst_7
INFO: [VRFC 10-2263] Analyzing Verilog file "D:/Vivado/PUF_Project/Ring_oscillator_PUF/Ring_oscillator_PUF.ip_user_files/bd/ring_oscillator_inst_8/ip/ring_oscillator_inst_8_util_vector_logic_4_0/sim/ring_oscillator_inst_8_util_vector_logic_4_0.v" into library xil_defaultlib
INFO: [VRFC 10-311] analyzing module ring_oscillator_inst_8_util_vector_logic_4_0
INFO: [VRFC 10-2263] Analyzing Verilog file "D:/Vivado/PUF_Project/Ring_oscillator_PUF/Ring_oscillator_PUF.ip_user_files/bd/ring_oscillator_inst_8/ip/ring_oscillator_inst_8_util_vector_logic_2_0/sim/ring_oscillator_inst_8_util_vector_logic_2_0.v" into library xil_defaultlib
INFO: [VRFC 10-311] analyzing module ring_oscillator_inst_8_util_vector_logic_2_0
INFO: [VRFC 10-2263] Analyzing Verilog file "D:/Vivado/PUF_Project/Ring_oscillator_PUF/Ring_oscillator_PUF.ip_user_files/bd/ring_oscillator_inst_8/ip/ring_oscillator_inst_8_util_vector_logic_21_0/sim/ring_oscillator_inst_8_util_vector_logic_21_0.v" into library xil_defaultlib
INFO: [VRFC 10-311] analyzing module ring_oscillator_inst_8_util_vector_logic_21_0
INFO: [VRFC 10-2263] Analyzing Verilog file "D:/Vivado/PUF_Project/Ring_oscillator_PUF/Ring_oscillator_PUF.ip_user_files/bd/ring_oscillator_inst_8/ip/ring_oscillator_inst_8_util_vector_logic_22_0/sim/ring_oscillator_inst_8_util_vector_logic_22_0.v" into library xil_defaultlib
INFO: [VRFC 10-311] analyzing module ring_oscillator_inst_8_util_vector_logic_22_0
INFO: [VRFC 10-2263] Analyzing Verilog file "D:/Vivado/PUF_Project/Ring_oscillator_PUF/Ring_oscillator_PUF.ip_user_files/bd/ring_oscillator_inst_8/ip/ring_oscillator_inst_8_util_vector_logic_23_0/sim/ring_oscillator_inst_8_util_vector_logic_23_0.v" into library xil_defaultlib
INFO: [VRFC 10-311] analyzing module ring_oscillator_inst_8_util_vector_logic_23_0
INFO: [VRFC 10-2263] Analyzing Verilog file "D:/Vivado/PUF_Project/Ring_oscillator_PUF/Ring_oscillator_PUF.ip_user_files/bd/ring_oscillator_inst_8/ip/ring_oscillator_inst_8_util_vector_logic_34_0/sim/ring_oscillator_inst_8_util_vector_logic_34_0.v" into library xil_defaultlib
INFO: [VRFC 10-311] analyzing module ring_oscillator_inst_8_util_vector_logic_34_0
INFO: [VRFC 10-2263] Analyzing Verilog file "D:/Vivado/PUF_Project/Ring_oscillator_PUF/Ring_oscillator_PUF.ip_user_files/bd/ring_oscillator_inst_8/sim/ring_oscillator_inst_8.v" into library xil_defaultlib
INFO: [VRFC 10-311] analyzing module ring_oscillator_inst_8
INFO: [VRFC 10-2263] Analyzing Verilog file "D:/Vivado/PUF_Project/Ring_oscillator_PUF/Ring_oscillator_PUF.ip_user_files/bd/ring_oscillator_inst_9/ip/ring_oscillator_inst_9_util_vector_logic_4_0/sim/ring_oscillator_inst_9_util_vector_logic_4_0.v" into library xil_defaultlib
INFO: [VRFC 10-311] analyzing module ring_oscillator_inst_9_util_vector_logic_4_0
INFO: [VRFC 10-2263] Analyzing Verilog file "D:/Vivado/PUF_Project/Ring_oscillator_PUF/Ring_oscillator_PUF.ip_user_files/bd/ring_oscillator_inst_9/ip/ring_oscillator_inst_9_util_vector_logic_2_0/sim/ring_oscillator_inst_9_util_vector_logic_2_0.v" into library xil_defaultlib
INFO: [VRFC 10-311] analyzing module ring_oscillator_inst_9_util_vector_logic_2_0
INFO: [VRFC 10-2263] Analyzing Verilog file "D:/Vivado/PUF_Project/Ring_oscillator_PUF/Ring_oscillator_PUF.ip_user_files/bd/ring_oscillator_inst_9/ip/ring_oscillator_inst_9_util_vector_logic_21_0/sim/ring_oscillator_inst_9_util_vector_logic_21_0.v" into library xil_defaultlib
INFO: [VRFC 10-311] analyzing module ring_oscillator_inst_9_util_vector_logic_21_0
INFO: [VRFC 10-2263] Analyzing Verilog file "D:/Vivado/PUF_Project/Ring_oscillator_PUF/Ring_oscillator_PUF.ip_user_files/bd/ring_oscillator_inst_9/ip/ring_oscillator_inst_9_util_vector_logic_22_0/sim/ring_oscillator_inst_9_util_vector_logic_22_0.v" into library xil_defaultlib
INFO: [VRFC 10-311] analyzing module ring_oscillator_inst_9_util_vector_logic_22_0
INFO: [VRFC 10-2263] Analyzing Verilog file "D:/Vivado/PUF_Project/Ring_oscillator_PUF/Ring_oscillator_PUF.ip_user_files/bd/ring_oscillator_inst_9/ip/ring_oscillator_inst_9_util_vector_logic_23_0/sim/ring_oscillator_inst_9_util_vector_logic_23_0.v" into library xil_defaultlib
INFO: [VRFC 10-311] analyzing module ring_oscillator_inst_9_util_vector_logic_23_0
INFO: [VRFC 10-2263] Analyzing Verilog file "D:/Vivado/PUF_Project/Ring_oscillator_PUF/Ring_oscillator_PUF.ip_user_files/bd/ring_oscillator_inst_9/ip/ring_oscillator_inst_9_util_vector_logic_34_0/sim/ring_oscillator_inst_9_util_vector_logic_34_0.v" into library xil_defaultlib
INFO: [VRFC 10-311] analyzing module ring_oscillator_inst_9_util_vector_logic_34_0
INFO: [VRFC 10-2263] Analyzing Verilog file "D:/Vivado/PUF_Project/Ring_oscillator_PUF/Ring_oscillator_PUF.ip_user_files/bd/ring_oscillator_inst_9/sim/ring_oscillator_inst_9.v" into library xil_defaultlib
INFO: [VRFC 10-311] analyzing module ring_oscillator_inst_9
INFO: [VRFC 10-2263] Analyzing Verilog file "D:/Vivado/PUF_Project/Ring_oscillator_PUF/Ring_oscillator_PUF.ip_user_files/bd/ring_oscillator_inst_10/ip/ring_oscillator_inst_10_util_vector_logic_4_0/sim/ring_oscillator_inst_10_util_vector_logic_4_0.v" into library xil_defaultlib
INFO: [VRFC 10-311] analyzing module ring_oscillator_inst_10_util_vector_logic_4_0
INFO: [VRFC 10-2263] Analyzing Verilog file "D:/Vivado/PUF_Project/Ring_oscillator_PUF/Ring_oscillator_PUF.ip_user_files/bd/ring_oscillator_inst_10/ip/ring_oscillator_inst_10_util_vector_logic_2_0/sim/ring_oscillator_inst_10_util_vector_logic_2_0.v" into library xil_defaultlib
INFO: [VRFC 10-311] analyzing module ring_oscillator_inst_10_util_vector_logic_2_0
INFO: [VRFC 10-2263] Analyzing Verilog file "D:/Vivado/PUF_Project/Ring_oscillator_PUF/Ring_oscillator_PUF.ip_user_files/bd/ring_oscillator_inst_10/ip/ring_oscillator_inst_10_util_vector_logic_21_0/sim/ring_oscillator_inst_10_util_vector_logic_21_0.v" into library xil_defaultlib
INFO: [VRFC 10-311] analyzing module ring_oscillator_inst_10_util_vector_logic_21_0
INFO: [VRFC 10-2263] Analyzing Verilog file "D:/Vivado/PUF_Project/Ring_oscillator_PUF/Ring_oscillator_PUF.ip_user_files/bd/ring_oscillator_inst_10/ip/ring_oscillator_inst_10_util_vector_logic_22_0/sim/ring_oscillator_inst_10_util_vector_logic_22_0.v" into library xil_defaultlib
INFO: [VRFC 10-311] analyzing module ring_oscillator_inst_10_util_vector_logic_22_0
INFO: [VRFC 10-2263] Analyzing Verilog file "D:/Vivado/PUF_Project/Ring_oscillator_PUF/Ring_oscillator_PUF.ip_user_files/bd/ring_oscillator_inst_10/ip/ring_oscillator_inst_10_util_vector_logic_23_0/sim/ring_oscillator_inst_10_util_vector_logic_23_0.v" into library xil_defaultlib
INFO: [VRFC 10-311] analyzing module ring_oscillator_inst_10_util_vector_logic_23_0
INFO: [VRFC 10-2263] Analyzing Verilog file "D:/Vivado/PUF_Project/Ring_oscillator_PUF/Ring_oscillator_PUF.ip_user_files/bd/ring_oscillator_inst_10/ip/ring_oscillator_inst_10_util_vector_logic_34_0/sim/ring_oscillator_inst_10_util_vector_logic_34_0.v" into library xil_defaultlib
INFO: [VRFC 10-311] analyzing module ring_oscillator_inst_10_util_vector_logic_34_0
INFO: [VRFC 10-2263] Analyzing Verilog file "D:/Vivado/PUF_Project/Ring_oscillator_PUF/Ring_oscillator_PUF.ip_user_files/bd/ring_oscillator_inst_10/sim/ring_oscillator_inst_10.v" into library xil_defaultlib
INFO: [VRFC 10-311] analyzing module ring_oscillator_inst_10
INFO: [VRFC 10-2263] Analyzing Verilog file "D:/Vivado/PUF_Project/Ring_oscillator_PUF/Ring_oscillator_PUF.ip_user_files/bd/ring_oscillator_inst_11/ip/ring_oscillator_inst_11_util_vector_logic_4_0/sim/ring_oscillator_inst_11_util_vector_logic_4_0.v" into library xil_defaultlib
INFO: [VRFC 10-311] analyzing module ring_oscillator_inst_11_util_vector_logic_4_0
INFO: [VRFC 10-2263] Analyzing Verilog file "D:/Vivado/PUF_Project/Ring_oscillator_PUF/Ring_oscillator_PUF.ip_user_files/bd/ring_oscillator_inst_11/ip/ring_oscillator_inst_11_util_vector_logic_2_0/sim/ring_oscillator_inst_11_util_vector_logic_2_0.v" into library xil_defaultlib
INFO: [VRFC 10-311] analyzing module ring_oscillator_inst_11_util_vector_logic_2_0
INFO: [VRFC 10-2263] Analyzing Verilog file "D:/Vivado/PUF_Project/Ring_oscillator_PUF/Ring_oscillator_PUF.ip_user_files/bd/ring_oscillator_inst_11/ip/ring_oscillator_inst_11_util_vector_logic_21_0/sim/ring_oscillator_inst_11_util_vector_logic_21_0.v" into library xil_defaultlib
INFO: [VRFC 10-311] analyzing module ring_oscillator_inst_11_util_vector_logic_21_0
INFO: [VRFC 10-2263] Analyzing Verilog file "D:/Vivado/PUF_Project/Ring_oscillator_PUF/Ring_oscillator_PUF.ip_user_files/bd/ring_oscillator_inst_11/ip/ring_oscillator_inst_11_util_vector_logic_22_0/sim/ring_oscillator_inst_11_util_vector_logic_22_0.v" into library xil_defaultlib
INFO: [VRFC 10-311] analyzing module ring_oscillator_inst_11_util_vector_logic_22_0
INFO: [VRFC 10-2263] Analyzing Verilog file "D:/Vivado/PUF_Project/Ring_oscillator_PUF/Ring_oscillator_PUF.ip_user_files/bd/ring_oscillator_inst_11/ip/ring_oscillator_inst_11_util_vector_logic_23_0/sim/ring_oscillator_inst_11_util_vector_logic_23_0.v" into library xil_defaultlib
INFO: [VRFC 10-311] analyzing module ring_oscillator_inst_11_util_vector_logic_23_0
INFO: [VRFC 10-2263] Analyzing Verilog file "D:/Vivado/PUF_Project/Ring_oscillator_PUF/Ring_oscillator_PUF.ip_user_files/bd/ring_oscillator_inst_11/ip/ring_oscillator_inst_11_util_vector_logic_34_0/sim/ring_oscillator_inst_11_util_vector_logic_34_0.v" into library xil_defaultlib
INFO: [VRFC 10-311] analyzing module ring_oscillator_inst_11_util_vector_logic_34_0
INFO: [VRFC 10-2263] Analyzing Verilog file "D:/Vivado/PUF_Project/Ring_oscillator_PUF/Ring_oscillator_PUF.ip_user_files/bd/ring_oscillator_inst_11/sim/ring_oscillator_inst_11.v" into library xil_defaultlib
INFO: [VRFC 10-311] analyzing module ring_oscillator_inst_11
INFO: [VRFC 10-2263] Analyzing Verilog file "D:/Vivado/PUF_Project/Ring_oscillator_PUF/Ring_oscillator_PUF.ip_user_files/bd/ring_oscillator_inst_12/ip/ring_oscillator_inst_12_util_vector_logic_4_0/sim/ring_oscillator_inst_12_util_vector_logic_4_0.v" into library xil_defaultlib
INFO: [VRFC 10-311] analyzing module ring_oscillator_inst_12_util_vector_logic_4_0
INFO: [VRFC 10-2263] Analyzing Verilog file "D:/Vivado/PUF_Project/Ring_oscillator_PUF/Ring_oscillator_PUF.ip_user_files/bd/ring_oscillator_inst_12/ip/ring_oscillator_inst_12_util_vector_logic_2_0/sim/ring_oscillator_inst_12_util_vector_logic_2_0.v" into library xil_defaultlib
INFO: [VRFC 10-311] analyzing module ring_oscillator_inst_12_util_vector_logic_2_0
INFO: [VRFC 10-2263] Analyzing Verilog file "D:/Vivado/PUF_Project/Ring_oscillator_PUF/Ring_oscillator_PUF.ip_user_files/bd/ring_oscillator_inst_12/ip/ring_oscillator_inst_12_util_vector_logic_21_0/sim/ring_oscillator_inst_12_util_vector_logic_21_0.v" into library xil_defaultlib
INFO: [VRFC 10-311] analyzing module ring_oscillator_inst_12_util_vector_logic_21_0
INFO: [VRFC 10-2263] Analyzing Verilog file "D:/Vivado/PUF_Project/Ring_oscillator_PUF/Ring_oscillator_PUF.ip_user_files/bd/ring_oscillator_inst_12/ip/ring_oscillator_inst_12_util_vector_logic_22_0/sim/ring_oscillator_inst_12_util_vector_logic_22_0.v" into library xil_defaultlib
INFO: [VRFC 10-311] analyzing module ring_oscillator_inst_12_util_vector_logic_22_0
INFO: [VRFC 10-2263] Analyzing Verilog file "D:/Vivado/PUF_Project/Ring_oscillator_PUF/Ring_oscillator_PUF.ip_user_files/bd/ring_oscillator_inst_12/ip/ring_oscillator_inst_12_util_vector_logic_23_0/sim/ring_oscillator_inst_12_util_vector_logic_23_0.v" into library xil_defaultlib
INFO: [VRFC 10-311] analyzing module ring_oscillator_inst_12_util_vector_logic_23_0
INFO: [VRFC 10-2263] Analyzing Verilog file "D:/Vivado/PUF_Project/Ring_oscillator_PUF/Ring_oscillator_PUF.ip_user_files/bd/ring_oscillator_inst_12/ip/ring_oscillator_inst_12_util_vector_logic_34_0/sim/ring_oscillator_inst_12_util_vector_logic_34_0.v" into library xil_defaultlib
INFO: [VRFC 10-311] analyzing module ring_oscillator_inst_12_util_vector_logic_34_0
INFO: [VRFC 10-2263] Analyzing Verilog file "D:/Vivado/PUF_Project/Ring_oscillator_PUF/Ring_oscillator_PUF.ip_user_files/bd/ring_oscillator_inst_12/sim/ring_oscillator_inst_12.v" into library xil_defaultlib
INFO: [VRFC 10-311] analyzing module ring_oscillator_inst_12
INFO: [VRFC 10-2263] Analyzing Verilog file "D:/Vivado/PUF_Project/Ring_oscillator_PUF/Ring_oscillator_PUF.ip_user_files/bd/ring_oscillator_inst_13/ip/ring_oscillator_inst_13_util_vector_logic_4_0/sim/ring_oscillator_inst_13_util_vector_logic_4_0.v" into library xil_defaultlib
INFO: [VRFC 10-311] analyzing module ring_oscillator_inst_13_util_vector_logic_4_0
INFO: [VRFC 10-2263] Analyzing Verilog file "D:/Vivado/PUF_Project/Ring_oscillator_PUF/Ring_oscillator_PUF.ip_user_files/bd/ring_oscillator_inst_13/ip/ring_oscillator_inst_13_util_vector_logic_2_0/sim/ring_oscillator_inst_13_util_vector_logic_2_0.v" into library xil_defaultlib
INFO: [VRFC 10-311] analyzing module ring_oscillator_inst_13_util_vector_logic_2_0
INFO: [VRFC 10-2263] Analyzing Verilog file "D:/Vivado/PUF_Project/Ring_oscillator_PUF/Ring_oscillator_PUF.ip_user_files/bd/ring_oscillator_inst_13/ip/ring_oscillator_inst_13_util_vector_logic_21_0/sim/ring_oscillator_inst_13_util_vector_logic_21_0.v" into library xil_defaultlib
INFO: [VRFC 10-311] analyzing module ring_oscillator_inst_13_util_vector_logic_21_0
INFO: [VRFC 10-2263] Analyzing Verilog file "D:/Vivado/PUF_Project/Ring_oscillator_PUF/Ring_oscillator_PUF.ip_user_files/bd/ring_oscillator_inst_13/ip/ring_oscillator_inst_13_util_vector_logic_22_0/sim/ring_oscillator_inst_13_util_vector_logic_22_0.v" into library xil_defaultlib
INFO: [VRFC 10-311] analyzing module ring_oscillator_inst_13_util_vector_logic_22_0
INFO: [VRFC 10-2263] Analyzing Verilog file "D:/Vivado/PUF_Project/Ring_oscillator_PUF/Ring_oscillator_PUF.ip_user_files/bd/ring_oscillator_inst_13/ip/ring_oscillator_inst_13_util_vector_logic_23_0/sim/ring_oscillator_inst_13_util_vector_logic_23_0.v" into library xil_defaultlib
INFO: [VRFC 10-311] analyzing module ring_oscillator_inst_13_util_vector_logic_23_0
INFO: [VRFC 10-2263] Analyzing Verilog file "D:/Vivado/PUF_Project/Ring_oscillator_PUF/Ring_oscillator_PUF.ip_user_files/bd/ring_oscillator_inst_13/ip/ring_oscillator_inst_13_util_vector_logic_34_0/sim/ring_oscillator_inst_13_util_vector_logic_34_0.v" into library xil_defaultlib
INFO: [VRFC 10-311] analyzing module ring_oscillator_inst_13_util_vector_logic_34_0
INFO: [VRFC 10-2263] Analyzing Verilog file "D:/Vivado/PUF_Project/Ring_oscillator_PUF/Ring_oscillator_PUF.ip_user_files/bd/ring_oscillator_inst_13/sim/ring_oscillator_inst_13.v" into library xil_defaultlib
INFO: [VRFC 10-311] analyzing module ring_oscillator_inst_13
INFO: [VRFC 10-2263] Analyzing Verilog file "D:/Vivado/PUF_Project/Ring_oscillator_PUF/Ring_oscillator_PUF.ip_user_files/bd/ring_oscillator_inst_14/ip/ring_oscillator_inst_14_util_vector_logic_4_0/sim/ring_oscillator_inst_14_util_vector_logic_4_0.v" into library xil_defaultlib
INFO: [VRFC 10-311] analyzing module ring_oscillator_inst_14_util_vector_logic_4_0
INFO: [VRFC 10-2263] Analyzing Verilog file "D:/Vivado/PUF_Project/Ring_oscillator_PUF/Ring_oscillator_PUF.ip_user_files/bd/ring_oscillator_inst_14/ip/ring_oscillator_inst_14_util_vector_logic_2_0/sim/ring_oscillator_inst_14_util_vector_logic_2_0.v" into library xil_defaultlib
INFO: [VRFC 10-311] analyzing module ring_oscillator_inst_14_util_vector_logic_2_0
INFO: [VRFC 10-2263] Analyzing Verilog file "D:/Vivado/PUF_Project/Ring_oscillator_PUF/Ring_oscillator_PUF.ip_user_files/bd/ring_oscillator_inst_14/ip/ring_oscillator_inst_14_util_vector_logic_21_0/sim/ring_oscillator_inst_14_util_vector_logic_21_0.v" into library xil_defaultlib
INFO: [VRFC 10-311] analyzing module ring_oscillator_inst_14_util_vector_logic_21_0
INFO: [VRFC 10-2263] Analyzing Verilog file "D:/Vivado/PUF_Project/Ring_oscillator_PUF/Ring_oscillator_PUF.ip_user_files/bd/ring_oscillator_inst_14/ip/ring_oscillator_inst_14_util_vector_logic_22_0/sim/ring_oscillator_inst_14_util_vector_logic_22_0.v" into library xil_defaultlib
INFO: [VRFC 10-311] analyzing module ring_oscillator_inst_14_util_vector_logic_22_0
INFO: [VRFC 10-2263] Analyzing Verilog file "D:/Vivado/PUF_Project/Ring_oscillator_PUF/Ring_oscillator_PUF.ip_user_files/bd/ring_oscillator_inst_14/ip/ring_oscillator_inst_14_util_vector_logic_23_0/sim/ring_oscillator_inst_14_util_vector_logic_23_0.v" into library xil_defaultlib
INFO: [VRFC 10-311] analyzing module ring_oscillator_inst_14_util_vector_logic_23_0
INFO: [VRFC 10-2263] Analyzing Verilog file "D:/Vivado/PUF_Project/Ring_oscillator_PUF/Ring_oscillator_PUF.ip_user_files/bd/ring_oscillator_inst_14/ip/ring_oscillator_inst_14_util_vector_logic_34_0/sim/ring_oscillator_inst_14_util_vector_logic_34_0.v" into library xil_defaultlib
INFO: [VRFC 10-311] analyzing module ring_oscillator_inst_14_util_vector_logic_34_0
INFO: [VRFC 10-2263] Analyzing Verilog file "D:/Vivado/PUF_Project/Ring_oscillator_PUF/Ring_oscillator_PUF.ip_user_files/bd/ring_oscillator_inst_14/sim/ring_oscillator_inst_14.v" into library xil_defaultlib
INFO: [VRFC 10-311] analyzing module ring_oscillator_inst_14
INFO: [VRFC 10-2263] Analyzing Verilog file "D:/Vivado/PUF_Project/Ring_oscillator_PUF/Ring_oscillator_PUF.ip_user_files/bd/ring_oscillator_inst_15/ip/ring_oscillator_inst_15_util_vector_logic_4_0/sim/ring_oscillator_inst_15_util_vector_logic_4_0.v" into library xil_defaultlib
INFO: [VRFC 10-311] analyzing module ring_oscillator_inst_15_util_vector_logic_4_0
INFO: [VRFC 10-2263] Analyzing Verilog file "D:/Vivado/PUF_Project/Ring_oscillator_PUF/Ring_oscillator_PUF.ip_user_files/bd/ring_oscillator_inst_15/ip/ring_oscillator_inst_15_util_vector_logic_2_0/sim/ring_oscillator_inst_15_util_vector_logic_2_0.v" into library xil_defaultlib
INFO: [VRFC 10-311] analyzing module ring_oscillator_inst_15_util_vector_logic_2_0
INFO: [VRFC 10-2263] Analyzing Verilog file "D:/Vivado/PUF_Project/Ring_oscillator_PUF/Ring_oscillator_PUF.ip_user_files/bd/ring_oscillator_inst_15/ip/ring_oscillator_inst_15_util_vector_logic_21_0/sim/ring_oscillator_inst_15_util_vector_logic_21_0.v" into library xil_defaultlib
INFO: [VRFC 10-311] analyzing module ring_oscillator_inst_15_util_vector_logic_21_0
INFO: [VRFC 10-2263] Analyzing Verilog file "D:/Vivado/PUF_Project/Ring_oscillator_PUF/Ring_oscillator_PUF.ip_user_files/bd/ring_oscillator_inst_15/ip/ring_oscillator_inst_15_util_vector_logic_22_0/sim/ring_oscillator_inst_15_util_vector_logic_22_0.v" into library xil_defaultlib
INFO: [VRFC 10-311] analyzing module ring_oscillator_inst_15_util_vector_logic_22_0
INFO: [VRFC 10-2263] Analyzing Verilog file "D:/Vivado/PUF_Project/Ring_oscillator_PUF/Ring_oscillator_PUF.ip_user_files/bd/ring_oscillator_inst_15/ip/ring_oscillator_inst_15_util_vector_logic_23_0/sim/ring_oscillator_inst_15_util_vector_logic_23_0.v" into library xil_defaultlib
INFO: [VRFC 10-311] analyzing module ring_oscillator_inst_15_util_vector_logic_23_0
INFO: [VRFC 10-2263] Analyzing Verilog file "D:/Vivado/PUF_Project/Ring_oscillator_PUF/Ring_oscillator_PUF.ip_user_files/bd/ring_oscillator_inst_15/ip/ring_oscillator_inst_15_util_vector_logic_34_0/sim/ring_oscillator_inst_15_util_vector_logic_34_0.v" into library xil_defaultlib
INFO: [VRFC 10-311] analyzing module ring_oscillator_inst_15_util_vector_logic_34_0
INFO: [VRFC 10-2263] Analyzing Verilog file "D:/Vivado/PUF_Project/Ring_oscillator_PUF/Ring_oscillator_PUF.ip_user_files/bd/ring_oscillator_inst_15/sim/ring_oscillator_inst_15.v" into library xil_defaultlib
INFO: [VRFC 10-311] analyzing module ring_oscillator_inst_15
INFO: [VRFC 10-2263] Analyzing Verilog file "D:/Vivado/PUF_Project/Ring_oscillator_PUF/Ring_oscillator_PUF.ip_user_files/bd/ring_oscillator_inst_16/ip/ring_oscillator_inst_16_util_vector_logic_4_0/sim/ring_oscillator_inst_16_util_vector_logic_4_0.v" into library xil_defaultlib
INFO: [VRFC 10-311] analyzing module ring_oscillator_inst_16_util_vector_logic_4_0
INFO: [VRFC 10-2263] Analyzing Verilog file "D:/Vivado/PUF_Project/Ring_oscillator_PUF/Ring_oscillator_PUF.ip_user_files/bd/ring_oscillator_inst_16/ip/ring_oscillator_inst_16_util_vector_logic_2_0/sim/ring_oscillator_inst_16_util_vector_logic_2_0.v" into library xil_defaultlib
INFO: [VRFC 10-311] analyzing module ring_oscillator_inst_16_util_vector_logic_2_0
INFO: [VRFC 10-2263] Analyzing Verilog file "D:/Vivado/PUF_Project/Ring_oscillator_PUF/Ring_oscillator_PUF.ip_user_files/bd/ring_oscillator_inst_16/ip/ring_oscillator_inst_16_util_vector_logic_21_0/sim/ring_oscillator_inst_16_util_vector_logic_21_0.v" into library xil_defaultlib
INFO: [VRFC 10-311] analyzing module ring_oscillator_inst_16_util_vector_logic_21_0
INFO: [VRFC 10-2263] Analyzing Verilog file "D:/Vivado/PUF_Project/Ring_oscillator_PUF/Ring_oscillator_PUF.ip_user_files/bd/ring_oscillator_inst_16/ip/ring_oscillator_inst_16_util_vector_logic_22_0/sim/ring_oscillator_inst_16_util_vector_logic_22_0.v" into library xil_defaultlib
INFO: [VRFC 10-311] analyzing module ring_oscillator_inst_16_util_vector_logic_22_0
INFO: [VRFC 10-2263] Analyzing Verilog file "D:/Vivado/PUF_Project/Ring_oscillator_PUF/Ring_oscillator_PUF.ip_user_files/bd/ring_oscillator_inst_16/ip/ring_oscillator_inst_16_util_vector_logic_23_0/sim/ring_oscillator_inst_16_util_vector_logic_23_0.v" into library xil_defaultlib
INFO: [VRFC 10-311] analyzing module ring_oscillator_inst_16_util_vector_logic_23_0
INFO: [VRFC 10-2263] Analyzing Verilog file "D:/Vivado/PUF_Project/Ring_oscillator_PUF/Ring_oscillator_PUF.ip_user_files/bd/ring_oscillator_inst_16/ip/ring_oscillator_inst_16_util_vector_logic_34_0/sim/ring_oscillator_inst_16_util_vector_logic_34_0.v" into library xil_defaultlib
INFO: [VRFC 10-311] analyzing module ring_oscillator_inst_16_util_vector_logic_34_0
INFO: [VRFC 10-2263] Analyzing Verilog file "D:/Vivado/PUF_Project/Ring_oscillator_PUF/Ring_oscillator_PUF.ip_user_files/bd/ring_oscillator_inst_16/sim/ring_oscillator_inst_16.v" into library xil_defaultlib
INFO: [VRFC 10-311] analyzing module ring_oscillator_inst_16
INFO: [VRFC 10-2263] Analyzing Verilog file "D:/Vivado/PUF_Project/Ring_oscillator_PUF/Ring_oscillator_PUF.ip_user_files/bd/ring_oscillator_inst_17/ip/ring_oscillator_inst_17_util_vector_logic_4_0/sim/ring_oscillator_inst_17_util_vector_logic_4_0.v" into library xil_defaultlib
INFO: [VRFC 10-311] analyzing module ring_oscillator_inst_17_util_vector_logic_4_0
INFO: [VRFC 10-2263] Analyzing Verilog file "D:/Vivado/PUF_Project/Ring_oscillator_PUF/Ring_oscillator_PUF.ip_user_files/bd/ring_oscillator_inst_17/ip/ring_oscillator_inst_17_util_vector_logic_2_0/sim/ring_oscillator_inst_17_util_vector_logic_2_0.v" into library xil_defaultlib
INFO: [VRFC 10-311] analyzing module ring_oscillator_inst_17_util_vector_logic_2_0
INFO: [VRFC 10-2263] Analyzing Verilog file "D:/Vivado/PUF_Project/Ring_oscillator_PUF/Ring_oscillator_PUF.ip_user_files/bd/ring_oscillator_inst_17/ip/ring_oscillator_inst_17_util_vector_logic_21_0/sim/ring_oscillator_inst_17_util_vector_logic_21_0.v" into library xil_defaultlib
INFO: [VRFC 10-311] analyzing module ring_oscillator_inst_17_util_vector_logic_21_0
INFO: [VRFC 10-2263] Analyzing Verilog file "D:/Vivado/PUF_Project/Ring_oscillator_PUF/Ring_oscillator_PUF.ip_user_files/bd/ring_oscillator_inst_17/ip/ring_oscillator_inst_17_util_vector_logic_22_0/sim/ring_oscillator_inst_17_util_vector_logic_22_0.v" into library xil_defaultlib
INFO: [VRFC 10-311] analyzing module ring_oscillator_inst_17_util_vector_logic_22_0
INFO: [VRFC 10-2263] Analyzing Verilog file "D:/Vivado/PUF_Project/Ring_oscillator_PUF/Ring_oscillator_PUF.ip_user_files/bd/ring_oscillator_inst_17/ip/ring_oscillator_inst_17_util_vector_logic_23_0/sim/ring_oscillator_inst_17_util_vector_logic_23_0.v" into library xil_defaultlib
INFO: [VRFC 10-311] analyzing module ring_oscillator_inst_17_util_vector_logic_23_0
INFO: [VRFC 10-2263] Analyzing Verilog file "D:/Vivado/PUF_Project/Ring_oscillator_PUF/Ring_oscillator_PUF.ip_user_files/bd/ring_oscillator_inst_17/ip/ring_oscillator_inst_17_util_vector_logic_34_0/sim/ring_oscillator_inst_17_util_vector_logic_34_0.v" into library xil_defaultlib
INFO: [VRFC 10-311] analyzing module ring_oscillator_inst_17_util_vector_logic_34_0
INFO: [VRFC 10-2263] Analyzing Verilog file "D:/Vivado/PUF_Project/Ring_oscillator_PUF/Ring_oscillator_PUF.ip_user_files/bd/ring_oscillator_inst_17/sim/ring_oscillator_inst_17.v" into library xil_defaultlib
INFO: [VRFC 10-311] analyzing module ring_oscillator_inst_17
INFO: [VRFC 10-2263] Analyzing Verilog file "D:/Vivado/PUF_Project/Ring_oscillator_PUF/Ring_oscillator_PUF.ip_user_files/bd/ring_oscillator_16/sim/ring_oscillator_16.v" into library xil_defaultlib
INFO: [VRFC 10-311] analyzing module ring_oscillator_16
INFO: [VRFC 10-2263] Analyzing Verilog file "D:/Vivado/PUF_Project/Ring_oscillator_PUF/Ring_oscillator_PUF.gen/sources_1/bd/ring_oscillator_16/hdl/ring_oscillator_16_wrapper.v" into library xil_defaultlib
INFO: [VRFC 10-311] analyzing module ring_oscillator_16_wrapper
INFO: [VRFC 10-2263] Analyzing Verilog file "D:/Vivado/PUF_Project/Ring_oscillator_PUF/Ring_oscillator_PUF.srcs/sources_1/new/Accumulator.v" into library xil_defaultlib
INFO: [VRFC 10-311] analyzing module Accumulator
INFO: [VRFC 10-2263] Analyzing Verilog file "D:/Vivado/PUF_Project/Ring_oscillator_PUF/Ring_oscillator_PUF.ip_user_files/bd/final_assembly/ip/final_assembly_xlconcat_0_0/sim/final_assembly_xlconcat_0_0.v" into library xil_defaultlib
INFO: [VRFC 10-311] analyzing module final_assembly_xlconcat_0_0
INFO: [VRFC 10-2263] Analyzing Verilog file "D:/Vivado/PUF_Project/Ring_oscillator_PUF/Ring_oscillator_PUF.ip_user_files/bd/final_assembly/ip/final_assembly_xlconcat_1_0/sim/final_assembly_xlconcat_1_0.v" into library xil_defaultlib
INFO: [VRFC 10-311] analyzing module final_assembly_xlconcat_1_0
INFO: [VRFC 10-2263] Analyzing Verilog file "D:/Vivado/PUF_Project/Ring_oscillator_PUF/Ring_oscillator_PUF.ip_user_files/bd/final_assembly/ip/final_assembly_xlslice_0_0/sim/final_assembly_xlslice_0_0.v" into library xil_defaultlib
INFO: [VRFC 10-311] analyzing module final_assembly_xlslice_0_0
INFO: [VRFC 10-2263] Analyzing Verilog file "D:/Vivado/PUF_Project/Ring_oscillator_PUF/Ring_oscillator_PUF.ip_user_files/bd/final_assembly/ip/final_assembly_xlslice_1_0/sim/final_assembly_xlslice_1_0.v" into library xil_defaultlib
INFO: [VRFC 10-311] analyzing module final_assembly_xlslice_1_0
INFO: [VRFC 10-2263] Analyzing Verilog file "D:/Vivado/PUF_Project/Ring_oscillator_PUF/Ring_oscillator_PUF.ip_user_files/bd/final_assembly/ip/final_assembly_multiplexer_16to1_0_0/sim/final_assembly_multiplexer_16to1_0_0.v" into library xil_defaultlib
INFO: [VRFC 10-311] analyzing module final_assembly_multiplexer_16to1_0_0
INFO: [VRFC 10-2263] Analyzing Verilog file "D:/Vivado/PUF_Project/Ring_oscillator_PUF/Ring_oscillator_PUF.ip_user_files/bd/final_assembly/ip/final_assembly_multiplexer_16to1_1_0/sim/final_assembly_multiplexer_16to1_1_0.v" into library xil_defaultlib
INFO: [VRFC 10-311] analyzing module final_assembly_multiplexer_16to1_1_0
INFO: [VRFC 10-2263] Analyzing Verilog file "D:/Vivado/PUF_Project/Ring_oscillator_PUF/Ring_oscillator_PUF.ip_user_files/bd/final_assembly/ip/final_assembly_comparator_0_0/sim/final_assembly_comparator_0_0.v" into library xil_defaultlib
INFO: [VRFC 10-311] analyzing module final_assembly_comparator_0_0
INFO: [VRFC 10-2263] Analyzing Verilog file "D:/Vivado/PUF_Project/Ring_oscillator_PUF/Ring_oscillator_PUF.ip_user_files/bd/final_assembly/ip/final_assembly_ring_oscillator_16_w_0_0/sim/final_assembly_ring_oscillator_16_w_0_0.v" into library xil_defaultlib
INFO: [VRFC 10-311] analyzing module final_assembly_ring_oscillator_16_w_0_0
INFO: [VRFC 10-2263] Analyzing Verilog file "D:/Vivado/PUF_Project/Ring_oscillator_PUF/Ring_oscillator_PUF.ip_user_files/bd/final_assembly/ip/final_assembly_ring_oscillator_16_w_1_0/sim/final_assembly_ring_oscillator_16_w_1_0.v" into library xil_defaultlib
INFO: [VRFC 10-311] analyzing module final_assembly_ring_oscillator_16_w_1_0
INFO: [VRFC 10-2263] Analyzing Verilog file "D:/Vivado/PUF_Project/Ring_oscillator_PUF/Ring_oscillator_PUF.ip_user_files/bd/final_assembly/ip/final_assembly_Accumulator_0_0/sim/final_assembly_Accumulator_0_0.v" into library xil_defaultlib
INFO: [VRFC 10-311] analyzing module final_assembly_Accumulator_0_0
INFO: [VRFC 10-2263] Analyzing Verilog file "D:/Vivado/PUF_Project/Ring_oscillator_PUF/Ring_oscillator_PUF.ip_user_files/bd/final_assembly/sim/final_assembly.v" into library xil_defaultlib
INFO: [VRFC 10-311] analyzing module final_assembly
INFO: [VRFC 10-2263] Analyzing Verilog file "D:/Vivado/PUF_Project/Ring_oscillator_PUF/Ring_oscillator_PUF.gen/sources_1/bd/final_assembly/hdl/final_assembly_wrapper.v" into library xil_defaultlib
INFO: [VRFC 10-311] analyzing module final_assembly_wrapper
INFO: [VRFC 10-2263] Analyzing Verilog file "D:/Vivado/PUF_Project/Ring_oscillator_PUF/Ring_oscillator_PUF.sim/sim_1/behav/xsim/glbl.v" into library xil_defaultlib
INFO: [VRFC 10-311] analyzing module glbl
