INFO: [VRFC 10-2263] Analyzing Verilog file "C:/PUF_Project/PUF_Project/Ring_oscillator_PUF/Ring_oscillator_PUF.sim/sim_1/synth/timing/xsim/final_assembly_wrapper_time_synth.v" into library xil_defaultlib
INFO: [VRFC 10-311] analyzing module final_assembly
INFO: [VRFC 10-311] analyzing module final_assembly_Accumulator_0_0
INFO: [VRFC 10-311] analyzing module final_assembly_Accumulator_0_0_Accumulator
INFO: [VRFC 10-311] analyzing module final_assembly_c_counter_binary_0_0
INFO: [VRFC 10-311] analyzing module final_assembly_c_counter_binary_1_0
INFO: [VRFC 10-311] analyzing module final_assembly_comparator_0_0
INFO: [VRFC 10-311] analyzing module final_assembly_comparator_0_0_comparator
INFO: [VRFC 10-311] analyzing module final_assembly_multiplexer_16to1_0_0
INFO: [VRFC 10-311] analyzing module final_assembly_multiplexer_16to1_1_0
INFO: [VRFC 10-311] analyzing module final_assembly_ring_oscillator_16_w_0_0
INFO: [VRFC 10-311] analyzing module final_assembly_ring_oscillator_16_w_0_0_ring_oscillator_16
INFO: [VRFC 10-311] analyzing module final_assembly_ring_oscillator_16_w_0_0_ring_oscillator_16_wrapper
INFO: [VRFC 10-311] analyzing module final_assembly_ring_oscillator_16_w_0_0_ring_oscillator_inst_10
INFO: [VRFC 10-311] analyzing module final_assembly_ring_oscillator_16_w_0_0_ring_oscillator_inst_11
INFO: [VRFC 10-311] analyzing module final_assembly_ring_oscillator_16_w_0_0_ring_oscillator_inst_12
INFO: [VRFC 10-311] analyzing module final_assembly_ring_oscillator_16_w_0_0_ring_oscillator_inst_13
INFO: [VRFC 10-311] analyzing module final_assembly_ring_oscillator_16_w_0_0_ring_oscillator_inst_14
INFO: [VRFC 10-311] analyzing module final_assembly_ring_oscillator_16_w_0_0_ring_oscillator_inst_15
INFO: [VRFC 10-311] analyzing module final_assembly_ring_oscillator_16_w_0_0_ring_oscillator_inst_16
INFO: [VRFC 10-311] analyzing module final_assembly_ring_oscillator_16_w_0_0_ring_oscillator_inst_17
INFO: [VRFC 10-311] analyzing module final_assembly_ring_oscillator_16_w_0_0_ring_oscillator_inst_2
INFO: [VRFC 10-311] analyzing module final_assembly_ring_oscillator_16_w_0_0_ring_oscillator_inst_3
INFO: [VRFC 10-311] analyzing module final_assembly_ring_oscillator_16_w_0_0_ring_oscillator_inst_4
INFO: [VRFC 10-311] analyzing module final_assembly_ring_oscillator_16_w_0_0_ring_oscillator_inst_5
INFO: [VRFC 10-311] analyzing module final_assembly_ring_oscillator_16_w_0_0_ring_oscillator_inst_6
INFO: [VRFC 10-311] analyzing module final_assembly_ring_oscillator_16_w_0_0_ring_oscillator_inst_7
INFO: [VRFC 10-311] analyzing module final_assembly_ring_oscillator_16_w_0_0_ring_oscillator_inst_8
INFO: [VRFC 10-311] analyzing module final_assembly_ring_oscillator_16_w_0_0_ring_oscillator_inst_9
INFO: [VRFC 10-311] analyzing module final_assembly_ring_oscillator_16_w_1_0
INFO: [VRFC 10-311] analyzing module final_assembly_ring_oscillator_16_w_1_0_ring_oscillator_16
INFO: [VRFC 10-311] analyzing module final_assembly_ring_oscillator_16_w_1_0_ring_oscillator_16_wrapper
INFO: [VRFC 10-311] analyzing module final_assembly_ring_oscillator_16_w_1_0_ring_oscillator_inst_10
INFO: [VRFC 10-311] analyzing module final_assembly_ring_oscillator_16_w_1_0_ring_oscillator_inst_11
INFO: [VRFC 10-311] analyzing module final_assembly_ring_oscillator_16_w_1_0_ring_oscillator_inst_12
INFO: [VRFC 10-311] analyzing module final_assembly_ring_oscillator_16_w_1_0_ring_oscillator_inst_13
INFO: [VRFC 10-311] analyzing module final_assembly_ring_oscillator_16_w_1_0_ring_oscillator_inst_14
INFO: [VRFC 10-311] analyzing module final_assembly_ring_oscillator_16_w_1_0_ring_oscillator_inst_15
INFO: [VRFC 10-311] analyzing module final_assembly_ring_oscillator_16_w_1_0_ring_oscillator_inst_16
INFO: [VRFC 10-311] analyzing module final_assembly_ring_oscillator_16_w_1_0_ring_oscillator_inst_17
INFO: [VRFC 10-311] analyzing module final_assembly_ring_oscillator_16_w_1_0_ring_oscillator_inst_2
INFO: [VRFC 10-311] analyzing module final_assembly_ring_oscillator_16_w_1_0_ring_oscillator_inst_3
INFO: [VRFC 10-311] analyzing module final_assembly_ring_oscillator_16_w_1_0_ring_oscillator_inst_4
INFO: [VRFC 10-311] analyzing module final_assembly_ring_oscillator_16_w_1_0_ring_oscillator_inst_5
INFO: [VRFC 10-311] analyzing module final_assembly_ring_oscillator_16_w_1_0_ring_oscillator_inst_6
INFO: [VRFC 10-311] analyzing module final_assembly_ring_oscillator_16_w_1_0_ring_oscillator_inst_7
INFO: [VRFC 10-311] analyzing module final_assembly_ring_oscillator_16_w_1_0_ring_oscillator_inst_8
INFO: [VRFC 10-311] analyzing module final_assembly_ring_oscillator_16_w_1_0_ring_oscillator_inst_9
INFO: [VRFC 10-311] analyzing module final_assembly_wrapper
INFO: [VRFC 10-311] analyzing module final_assembly_xlconcat_0_0
INFO: [VRFC 10-311] analyzing module final_assembly_xlconcat_1_0
INFO: [VRFC 10-311] analyzing module final_assembly_xlslice_0_0
INFO: [VRFC 10-311] analyzing module final_assembly_xlslice_1_0
INFO: [VRFC 10-311] analyzing module ring_oscillator_inst_10_util_vector_logic_21_0
INFO: [VRFC 10-311] analyzing module ring_oscillator_inst_10_util_vector_logic_21_0_HD182
INFO: [VRFC 10-311] analyzing module ring_oscillator_inst_10_util_vector_logic_22_0
INFO: [VRFC 10-311] analyzing module ring_oscillator_inst_10_util_vector_logic_22_0_HD183
INFO: [VRFC 10-311] analyzing module ring_oscillator_inst_10_util_vector_logic_23_0
INFO: [VRFC 10-311] analyzing module ring_oscillator_inst_10_util_vector_logic_23_0_HD184
INFO: [VRFC 10-311] analyzing module ring_oscillator_inst_10_util_vector_logic_2_0
INFO: [VRFC 10-311] analyzing module ring_oscillator_inst_10_util_vector_logic_2_0_HD181
INFO: [VRFC 10-311] analyzing module ring_oscillator_inst_10_util_vector_logic_34_0
INFO: [VRFC 10-311] analyzing module ring_oscillator_inst_10_util_vector_logic_34_0_HD185
INFO: [VRFC 10-311] analyzing module ring_oscillator_inst_10_util_vector_logic_4_0
INFO: [VRFC 10-311] analyzing module ring_oscillator_inst_10_util_vector_logic_4_0_HD186
INFO: [VRFC 10-311] analyzing module ring_oscillator_inst_11_util_vector_logic_21_0
INFO: [VRFC 10-311] analyzing module ring_oscillator_inst_11_util_vector_logic_21_0_HD188
INFO: [VRFC 10-311] analyzing module ring_oscillator_inst_11_util_vector_logic_22_0
INFO: [VRFC 10-311] analyzing module ring_oscillator_inst_11_util_vector_logic_22_0_HD189
INFO: [VRFC 10-311] analyzing module ring_oscillator_inst_11_util_vector_logic_23_0
INFO: [VRFC 10-311] analyzing module ring_oscillator_inst_11_util_vector_logic_23_0_HD190
INFO: [VRFC 10-311] analyzing module ring_oscillator_inst_11_util_vector_logic_2_0
INFO: [VRFC 10-311] analyzing module ring_oscillator_inst_11_util_vector_logic_2_0_HD187
INFO: [VRFC 10-311] analyzing module ring_oscillator_inst_11_util_vector_logic_34_0
INFO: [VRFC 10-311] analyzing module ring_oscillator_inst_11_util_vector_logic_34_0_HD191
INFO: [VRFC 10-311] analyzing module ring_oscillator_inst_11_util_vector_logic_4_0
INFO: [VRFC 10-311] analyzing module ring_oscillator_inst_11_util_vector_logic_4_0_HD192
INFO: [VRFC 10-311] analyzing module ring_oscillator_inst_12_util_vector_logic_21_0
INFO: [VRFC 10-311] analyzing module ring_oscillator_inst_12_util_vector_logic_21_0_HD110
INFO: [VRFC 10-311] analyzing module ring_oscillator_inst_12_util_vector_logic_22_0
INFO: [VRFC 10-311] analyzing module ring_oscillator_inst_12_util_vector_logic_22_0_HD111
INFO: [VRFC 10-311] analyzing module ring_oscillator_inst_12_util_vector_logic_23_0
INFO: [VRFC 10-311] analyzing module ring_oscillator_inst_12_util_vector_logic_23_0_HD112
INFO: [VRFC 10-311] analyzing module ring_oscillator_inst_12_util_vector_logic_2_0
INFO: [VRFC 10-311] analyzing module ring_oscillator_inst_12_util_vector_logic_2_0_HD109
INFO: [VRFC 10-311] analyzing module ring_oscillator_inst_12_util_vector_logic_34_0
INFO: [VRFC 10-311] analyzing module ring_oscillator_inst_12_util_vector_logic_34_0_HD113
INFO: [VRFC 10-311] analyzing module ring_oscillator_inst_12_util_vector_logic_4_0
INFO: [VRFC 10-311] analyzing module ring_oscillator_inst_12_util_vector_logic_4_0_HD114
INFO: [VRFC 10-311] analyzing module ring_oscillator_inst_13_util_vector_logic_21_0
INFO: [VRFC 10-311] analyzing module ring_oscillator_inst_13_util_vector_logic_21_0_HD116
INFO: [VRFC 10-311] analyzing module ring_oscillator_inst_13_util_vector_logic_22_0
INFO: [VRFC 10-311] analyzing module ring_oscillator_inst_13_util_vector_logic_22_0_HD117
INFO: [VRFC 10-311] analyzing module ring_oscillator_inst_13_util_vector_logic_23_0
INFO: [VRFC 10-311] analyzing module ring_oscillator_inst_13_util_vector_logic_23_0_HD118
INFO: [VRFC 10-311] analyzing module ring_oscillator_inst_13_util_vector_logic_2_0
INFO: [VRFC 10-311] analyzing module ring_oscillator_inst_13_util_vector_logic_2_0_HD115
INFO: [VRFC 10-311] analyzing module ring_oscillator_inst_13_util_vector_logic_34_0
INFO: [VRFC 10-311] analyzing module ring_oscillator_inst_13_util_vector_logic_34_0_HD119
INFO: [VRFC 10-311] analyzing module ring_oscillator_inst_13_util_vector_logic_4_0
INFO: [VRFC 10-311] analyzing module ring_oscillator_inst_13_util_vector_logic_4_0_HD120
INFO: [VRFC 10-311] analyzing module ring_oscillator_inst_14_util_vector_logic_21_0
INFO: [VRFC 10-311] analyzing module ring_oscillator_inst_14_util_vector_logic_21_0_HD122
INFO: [VRFC 10-311] analyzing module ring_oscillator_inst_14_util_vector_logic_22_0
INFO: [VRFC 10-311] analyzing module ring_oscillator_inst_14_util_vector_logic_22_0_HD123
INFO: [VRFC 10-311] analyzing module ring_oscillator_inst_14_util_vector_logic_23_0
INFO: [VRFC 10-311] analyzing module ring_oscillator_inst_14_util_vector_logic_23_0_HD124
INFO: [VRFC 10-311] analyzing module ring_oscillator_inst_14_util_vector_logic_2_0
INFO: [VRFC 10-311] analyzing module ring_oscillator_inst_14_util_vector_logic_2_0_HD121
INFO: [VRFC 10-311] analyzing module ring_oscillator_inst_14_util_vector_logic_34_0
INFO: [VRFC 10-311] analyzing module ring_oscillator_inst_14_util_vector_logic_34_0_HD125
INFO: [VRFC 10-311] analyzing module ring_oscillator_inst_14_util_vector_logic_4_0
INFO: [VRFC 10-311] analyzing module ring_oscillator_inst_14_util_vector_logic_4_0_HD126
INFO: [VRFC 10-311] analyzing module ring_oscillator_inst_15_util_vector_logic_21_0
INFO: [VRFC 10-311] analyzing module ring_oscillator_inst_15_util_vector_logic_21_0_HD128
INFO: [VRFC 10-311] analyzing module ring_oscillator_inst_15_util_vector_logic_22_0
INFO: [VRFC 10-311] analyzing module ring_oscillator_inst_15_util_vector_logic_22_0_HD129
INFO: [VRFC 10-311] analyzing module ring_oscillator_inst_15_util_vector_logic_23_0
INFO: [VRFC 10-311] analyzing module ring_oscillator_inst_15_util_vector_logic_23_0_HD130
INFO: [VRFC 10-311] analyzing module ring_oscillator_inst_15_util_vector_logic_2_0
INFO: [VRFC 10-311] analyzing module ring_oscillator_inst_15_util_vector_logic_2_0_HD127
INFO: [VRFC 10-311] analyzing module ring_oscillator_inst_15_util_vector_logic_34_0
INFO: [VRFC 10-311] analyzing module ring_oscillator_inst_15_util_vector_logic_34_0_HD131
INFO: [VRFC 10-311] analyzing module ring_oscillator_inst_15_util_vector_logic_4_0
INFO: [VRFC 10-311] analyzing module ring_oscillator_inst_15_util_vector_logic_4_0_HD132
INFO: [VRFC 10-311] analyzing module ring_oscillator_inst_16_util_vector_logic_21_0
INFO: [VRFC 10-311] analyzing module ring_oscillator_inst_16_util_vector_logic_21_0_HD134
INFO: [VRFC 10-311] analyzing module ring_oscillator_inst_16_util_vector_logic_22_0
INFO: [VRFC 10-311] analyzing module ring_oscillator_inst_16_util_vector_logic_22_0_HD135
INFO: [VRFC 10-311] analyzing module ring_oscillator_inst_16_util_vector_logic_23_0
INFO: [VRFC 10-311] analyzing module ring_oscillator_inst_16_util_vector_logic_23_0_HD136
INFO: [VRFC 10-311] analyzing module ring_oscillator_inst_16_util_vector_logic_2_0
INFO: [VRFC 10-311] analyzing module ring_oscillator_inst_16_util_vector_logic_2_0_HD133
INFO: [VRFC 10-311] analyzing module ring_oscillator_inst_16_util_vector_logic_34_0
INFO: [VRFC 10-311] analyzing module ring_oscillator_inst_16_util_vector_logic_34_0_HD137
INFO: [VRFC 10-311] analyzing module ring_oscillator_inst_16_util_vector_logic_4_0
INFO: [VRFC 10-311] analyzing module ring_oscillator_inst_16_util_vector_logic_4_0_HD138
INFO: [VRFC 10-311] analyzing module ring_oscillator_inst_17_util_vector_logic_21_0
INFO: [VRFC 10-311] analyzing module ring_oscillator_inst_17_util_vector_logic_21_0_HD140
INFO: [VRFC 10-311] analyzing module ring_oscillator_inst_17_util_vector_logic_22_0
INFO: [VRFC 10-311] analyzing module ring_oscillator_inst_17_util_vector_logic_22_0_HD141
INFO: [VRFC 10-311] analyzing module ring_oscillator_inst_17_util_vector_logic_23_0
INFO: [VRFC 10-311] analyzing module ring_oscillator_inst_17_util_vector_logic_23_0_HD142
INFO: [VRFC 10-311] analyzing module ring_oscillator_inst_17_util_vector_logic_2_0
INFO: [VRFC 10-311] analyzing module ring_oscillator_inst_17_util_vector_logic_2_0_HD139
INFO: [VRFC 10-311] analyzing module ring_oscillator_inst_17_util_vector_logic_34_0
INFO: [VRFC 10-311] analyzing module ring_oscillator_inst_17_util_vector_logic_34_0_HD143
INFO: [VRFC 10-311] analyzing module ring_oscillator_inst_17_util_vector_logic_4_0
INFO: [VRFC 10-311] analyzing module ring_oscillator_inst_17_util_vector_logic_4_0_HD144
INFO: [VRFC 10-311] analyzing module ring_oscillator_inst_2_util_vector_logic_21_0
INFO: [VRFC 10-311] analyzing module ring_oscillator_inst_2_util_vector_logic_21_0_HD98
INFO: [VRFC 10-311] analyzing module ring_oscillator_inst_2_util_vector_logic_22_0
INFO: [VRFC 10-311] analyzing module ring_oscillator_inst_2_util_vector_logic_22_0_HD99
INFO: [VRFC 10-311] analyzing module ring_oscillator_inst_2_util_vector_logic_23_0
INFO: [VRFC 10-311] analyzing module ring_oscillator_inst_2_util_vector_logic_23_0_HD100
INFO: [VRFC 10-311] analyzing module ring_oscillator_inst_2_util_vector_logic_2_0
INFO: [VRFC 10-311] analyzing module ring_oscillator_inst_2_util_vector_logic_2_0_HD97
INFO: [VRFC 10-311] analyzing module ring_oscillator_inst_2_util_vector_logic_34_0
INFO: [VRFC 10-311] analyzing module ring_oscillator_inst_2_util_vector_logic_34_0_HD101
INFO: [VRFC 10-311] analyzing module ring_oscillator_inst_2_util_vector_logic_4_0
INFO: [VRFC 10-311] analyzing module ring_oscillator_inst_2_util_vector_logic_4_0_HD102
INFO: [VRFC 10-311] analyzing module ring_oscillator_inst_3_util_vector_logic_21_0
INFO: [VRFC 10-311] analyzing module ring_oscillator_inst_3_util_vector_logic_21_0_HD104
INFO: [VRFC 10-311] analyzing module ring_oscillator_inst_3_util_vector_logic_22_0
INFO: [VRFC 10-311] analyzing module ring_oscillator_inst_3_util_vector_logic_22_0_HD105
INFO: [VRFC 10-311] analyzing module ring_oscillator_inst_3_util_vector_logic_23_0
INFO: [VRFC 10-311] analyzing module ring_oscillator_inst_3_util_vector_logic_23_0_HD106
INFO: [VRFC 10-311] analyzing module ring_oscillator_inst_3_util_vector_logic_2_0
INFO: [VRFC 10-311] analyzing module ring_oscillator_inst_3_util_vector_logic_2_0_HD103
INFO: [VRFC 10-311] analyzing module ring_oscillator_inst_3_util_vector_logic_34_0
INFO: [VRFC 10-311] analyzing module ring_oscillator_inst_3_util_vector_logic_34_0_HD107
INFO: [VRFC 10-311] analyzing module ring_oscillator_inst_3_util_vector_logic_4_0
INFO: [VRFC 10-311] analyzing module ring_oscillator_inst_3_util_vector_logic_4_0_HD108
INFO: [VRFC 10-311] analyzing module ring_oscillator_inst_4_util_vector_logic_21_0
INFO: [VRFC 10-311] analyzing module ring_oscillator_inst_4_util_vector_logic_21_0_HD146
INFO: [VRFC 10-311] analyzing module ring_oscillator_inst_4_util_vector_logic_22_0
INFO: [VRFC 10-311] analyzing module ring_oscillator_inst_4_util_vector_logic_22_0_HD147
INFO: [VRFC 10-311] analyzing module ring_oscillator_inst_4_util_vector_logic_23_0
INFO: [VRFC 10-311] analyzing module ring_oscillator_inst_4_util_vector_logic_23_0_HD148
INFO: [VRFC 10-311] analyzing module ring_oscillator_inst_4_util_vector_logic_2_0
INFO: [VRFC 10-311] analyzing module ring_oscillator_inst_4_util_vector_logic_2_0_HD145
INFO: [VRFC 10-311] analyzing module ring_oscillator_inst_4_util_vector_logic_34_0
INFO: [VRFC 10-311] analyzing module ring_oscillator_inst_4_util_vector_logic_34_0_HD149
INFO: [VRFC 10-311] analyzing module ring_oscillator_inst_4_util_vector_logic_4_0
INFO: [VRFC 10-311] analyzing module ring_oscillator_inst_4_util_vector_logic_4_0_HD150
INFO: [VRFC 10-311] analyzing module ring_oscillator_inst_5_util_vector_logic_21_0
INFO: [VRFC 10-311] analyzing module ring_oscillator_inst_5_util_vector_logic_21_0_HD152
INFO: [VRFC 10-311] analyzing module ring_oscillator_inst_5_util_vector_logic_22_0
INFO: [VRFC 10-311] analyzing module ring_oscillator_inst_5_util_vector_logic_22_0_HD153
INFO: [VRFC 10-311] analyzing module ring_oscillator_inst_5_util_vector_logic_23_0
INFO: [VRFC 10-311] analyzing module ring_oscillator_inst_5_util_vector_logic_23_0_HD154
INFO: [VRFC 10-311] analyzing module ring_oscillator_inst_5_util_vector_logic_2_0
INFO: [VRFC 10-311] analyzing module ring_oscillator_inst_5_util_vector_logic_2_0_HD151
INFO: [VRFC 10-311] analyzing module ring_oscillator_inst_5_util_vector_logic_34_0
INFO: [VRFC 10-311] analyzing module ring_oscillator_inst_5_util_vector_logic_34_0_HD155
INFO: [VRFC 10-311] analyzing module ring_oscillator_inst_5_util_vector_logic_4_0
INFO: [VRFC 10-311] analyzing module ring_oscillator_inst_5_util_vector_logic_4_0_HD156
INFO: [VRFC 10-311] analyzing module ring_oscillator_inst_6_util_vector_logic_21_0
INFO: [VRFC 10-311] analyzing module ring_oscillator_inst_6_util_vector_logic_21_0_HD158
INFO: [VRFC 10-311] analyzing module ring_oscillator_inst_6_util_vector_logic_22_0
INFO: [VRFC 10-311] analyzing module ring_oscillator_inst_6_util_vector_logic_22_0_HD159
INFO: [VRFC 10-311] analyzing module ring_oscillator_inst_6_util_vector_logic_23_0
INFO: [VRFC 10-311] analyzing module ring_oscillator_inst_6_util_vector_logic_23_0_HD160
INFO: [VRFC 10-311] analyzing module ring_oscillator_inst_6_util_vector_logic_2_0
INFO: [VRFC 10-311] analyzing module ring_oscillator_inst_6_util_vector_logic_2_0_HD157
INFO: [VRFC 10-311] analyzing module ring_oscillator_inst_6_util_vector_logic_34_0
INFO: [VRFC 10-311] analyzing module ring_oscillator_inst_6_util_vector_logic_34_0_HD161
INFO: [VRFC 10-311] analyzing module ring_oscillator_inst_6_util_vector_logic_4_0
INFO: [VRFC 10-311] analyzing module ring_oscillator_inst_6_util_vector_logic_4_0_HD162
INFO: [VRFC 10-311] analyzing module ring_oscillator_inst_7_util_vector_logic_21_0
INFO: [VRFC 10-311] analyzing module ring_oscillator_inst_7_util_vector_logic_21_0_HD164
INFO: [VRFC 10-311] analyzing module ring_oscillator_inst_7_util_vector_logic_22_0
INFO: [VRFC 10-311] analyzing module ring_oscillator_inst_7_util_vector_logic_22_0_HD165
INFO: [VRFC 10-311] analyzing module ring_oscillator_inst_7_util_vector_logic_23_0
INFO: [VRFC 10-311] analyzing module ring_oscillator_inst_7_util_vector_logic_23_0_HD166
INFO: [VRFC 10-311] analyzing module ring_oscillator_inst_7_util_vector_logic_2_0
INFO: [VRFC 10-311] analyzing module ring_oscillator_inst_7_util_vector_logic_2_0_HD163
INFO: [VRFC 10-311] analyzing module ring_oscillator_inst_7_util_vector_logic_34_0
INFO: [VRFC 10-311] analyzing module ring_oscillator_inst_7_util_vector_logic_34_0_HD167
INFO: [VRFC 10-311] analyzing module ring_oscillator_inst_7_util_vector_logic_4_0
INFO: [VRFC 10-311] analyzing module ring_oscillator_inst_7_util_vector_logic_4_0_HD168
INFO: [VRFC 10-311] analyzing module ring_oscillator_inst_8_util_vector_logic_21_0
INFO: [VRFC 10-311] analyzing module ring_oscillator_inst_8_util_vector_logic_21_0_HD170
INFO: [VRFC 10-311] analyzing module ring_oscillator_inst_8_util_vector_logic_22_0
INFO: [VRFC 10-311] analyzing module ring_oscillator_inst_8_util_vector_logic_22_0_HD171
INFO: [VRFC 10-311] analyzing module ring_oscillator_inst_8_util_vector_logic_23_0
INFO: [VRFC 10-311] analyzing module ring_oscillator_inst_8_util_vector_logic_23_0_HD172
INFO: [VRFC 10-311] analyzing module ring_oscillator_inst_8_util_vector_logic_2_0
INFO: [VRFC 10-311] analyzing module ring_oscillator_inst_8_util_vector_logic_2_0_HD169
INFO: [VRFC 10-311] analyzing module ring_oscillator_inst_8_util_vector_logic_34_0
INFO: [VRFC 10-311] analyzing module ring_oscillator_inst_8_util_vector_logic_34_0_HD173
INFO: [VRFC 10-311] analyzing module ring_oscillator_inst_8_util_vector_logic_4_0
INFO: [VRFC 10-311] analyzing module ring_oscillator_inst_8_util_vector_logic_4_0_HD174
INFO: [VRFC 10-311] analyzing module ring_oscillator_inst_9_util_vector_logic_21_0
INFO: [VRFC 10-311] analyzing module ring_oscillator_inst_9_util_vector_logic_21_0_HD176
INFO: [VRFC 10-311] analyzing module ring_oscillator_inst_9_util_vector_logic_22_0
INFO: [VRFC 10-311] analyzing module ring_oscillator_inst_9_util_vector_logic_22_0_HD177
INFO: [VRFC 10-311] analyzing module ring_oscillator_inst_9_util_vector_logic_23_0
INFO: [VRFC 10-311] analyzing module ring_oscillator_inst_9_util_vector_logic_23_0_HD178
INFO: [VRFC 10-311] analyzing module ring_oscillator_inst_9_util_vector_logic_2_0
INFO: [VRFC 10-311] analyzing module ring_oscillator_inst_9_util_vector_logic_2_0_HD175
INFO: [VRFC 10-311] analyzing module ring_oscillator_inst_9_util_vector_logic_34_0
INFO: [VRFC 10-311] analyzing module ring_oscillator_inst_9_util_vector_logic_34_0_HD179
INFO: [VRFC 10-311] analyzing module ring_oscillator_inst_9_util_vector_logic_4_0
INFO: [VRFC 10-311] analyzing module ring_oscillator_inst_9_util_vector_logic_4_0_HD180
INFO: [VRFC 10-311] analyzing module final_assembly_c_counter_binary_0_0_c_addsub_v12_0_14_fabric_legacy
INFO: [VRFC 10-311] analyzing module final_assembly_c_counter_binary_0_0_c_addsub_v12_0_14_legacy
INFO: [VRFC 10-311] analyzing module final_assembly_c_counter_binary_0_0_c_addsub_v12_0_14_lut6_legacy
INFO: [VRFC 10-311] analyzing module final_assembly_c_counter_binary_0_0_c_counter_binary_v12_0_14
INFO: [VRFC 10-311] analyzing module final_assembly_c_counter_binary_0_0_c_counter_binary_v12_0_14_legacy
INFO: [VRFC 10-311] analyzing module final_assembly_c_counter_binary_0_0_c_counter_binary_v12_0_14_viv
INFO: [VRFC 10-311] analyzing module final_assembly_c_counter_binary_0_0_c_reg_fd_v12_0_6_viv
INFO: [VRFC 10-311] analyzing module final_assembly_c_counter_binary_1_0_c_addsub_v12_0_14_fabric_legacy
INFO: [VRFC 10-311] analyzing module final_assembly_c_counter_binary_1_0_c_addsub_v12_0_14_legacy
INFO: [VRFC 10-311] analyzing module final_assembly_c_counter_binary_1_0_c_addsub_v12_0_14_lut6_legacy
INFO: [VRFC 10-311] analyzing module final_assembly_c_counter_binary_1_0_c_counter_binary_v12_0_14
INFO: [VRFC 10-311] analyzing module final_assembly_c_counter_binary_1_0_c_counter_binary_v12_0_14_legacy
INFO: [VRFC 10-311] analyzing module final_assembly_c_counter_binary_1_0_c_counter_binary_v12_0_14_viv
INFO: [VRFC 10-311] analyzing module final_assembly_c_counter_binary_1_0_c_reg_fd_v12_0_6_viv
INFO: [VRFC 10-311] analyzing module glbl
